CRITICAL - 2022-03-14 08:39:43 --> Trying to get property 'CodSinc' of non-object
#0 C:\wamp64\www\instintointimo\app\Controllers\Api\Produtos.php(414): CodeIgniter\Debug\Exceptions->errorHandler(8, 'Trying to get p...', 'C:\\wamp64\\www\\i...', 414, Array)
#1 C:\wamp64\www\instintointimo\system\CodeIgniter.php(826): App\Controllers\Api\Produtos->deleteImagens()
#2 C:\wamp64\www\instintointimo\system\CodeIgniter.php(412): CodeIgniter\CodeIgniter->runController(Object(App\Controllers\Api\Produtos))
#3 C:\wamp64\www\instintointimo\system\CodeIgniter.php(320): CodeIgniter\CodeIgniter->handleRequest(NULL, Object(Config\Cache), false)
#4 C:\wamp64\www\instintointimo\index.php(38): CodeIgniter\CodeIgniter->run()
#5 {main}
CRITICAL - 2022-03-14 08:40:59 --> Trying to get property 'CodSinc' of non-object
#0 C:\wamp64\www\instintointimo\app\Controllers\Api\Produtos.php(415): CodeIgniter\Debug\Exceptions->errorHandler(8, 'Trying to get p...', 'C:\\wamp64\\www\\i...', 415, Array)
#1 C:\wamp64\www\instintointimo\system\CodeIgniter.php(826): App\Controllers\Api\Produtos->deleteImagens()
#2 C:\wamp64\www\instintointimo\system\CodeIgniter.php(412): CodeIgniter\CodeIgniter->runController(Object(App\Controllers\Api\Produtos))
#3 C:\wamp64\www\instintointimo\system\CodeIgniter.php(320): CodeIgniter\CodeIgniter->handleRequest(NULL, Object(Config\Cache), false)
#4 C:\wamp64\www\instintointimo\index.php(38): CodeIgniter\CodeIgniter->run()
#5 {main}
CRITICAL - 2022-03-14 10:26:32 --> Argument 1 passed to CodeIgniter\Images\Handlers\BaseHandler::withFile() must be of the type string, array given, called in C:\wamp64\www\instintointimo\app\Controllers\Back\Banner.php on line 220
#0 C:\wamp64\www\instintointimo\app\Controllers\Back\Banner.php(220): CodeIgniter\Images\Handlers\BaseHandler->withFile(Array)
#1 C:\wamp64\www\instintointimo\system\CodeIgniter.php(826): App\Controllers\Back\Banner->saveTipos()
#2 C:\wamp64\www\instintointimo\system\CodeIgniter.php(412): CodeIgniter\CodeIgniter->runController(Object(App\Controllers\Back\Banner))
#3 C:\wamp64\www\instintointimo\system\CodeIgniter.php(320): CodeIgniter\CodeIgniter->handleRequest(NULL, Object(Config\Cache), false)
#4 C:\wamp64\www\instintointimo\index.php(38): CodeIgniter\CodeIgniter->run()
#5 {main}
CRITICAL - 2022-03-14 10:28:03 --> A non well formed numeric value encountered
#0 C:\wamp64\www\instintointimo\system\Images\Handlers\GDHandler.php(208): CodeIgniter\Debug\Exceptions->errorHandler(8, 'A non well form...', 'C:\\wamp64\\www\\i...', 208, Array)
#1 C:\wamp64\www\instintointimo\app\Controllers\Back\Banner.php(225): CodeIgniter\Images\Handlers\GDHandler->save('C:\\wamp64\\www\\i...', '1647264482_f297...')
#2 C:\wamp64\www\instintointimo\system\CodeIgniter.php(826): App\Controllers\Back\Banner->saveTipos()
#3 C:\wamp64\www\instintointimo\system\CodeIgniter.php(412): CodeIgniter\CodeIgniter->runController(Object(App\Controllers\Back\Banner))
#4 C:\wamp64\www\instintointimo\system\CodeIgniter.php(320): CodeIgniter\CodeIgniter->handleRequest(NULL, Object(Config\Cache), false)
#5 C:\wamp64\www\instintointimo\index.php(38): CodeIgniter\CodeIgniter->run()
#6 {main}
CRITICAL - 2022-03-14 10:30:10 --> A non well formed numeric value encountered
#0 C:\wamp64\www\instintointimo\system\Images\Handlers\GDHandler.php(208): CodeIgniter\Debug\Exceptions->errorHandler(8, 'A non well form...', 'C:\\wamp64\\www\\i...', 208, Array)
#1 C:\wamp64\www\instintointimo\app\Controllers\Back\Banner.php(225): CodeIgniter\Images\Handlers\GDHandler->save('C:\\wamp64\\www\\i...', '1647264610_64c0...')
#2 C:\wamp64\www\instintointimo\system\CodeIgniter.php(826): App\Controllers\Back\Banner->saveTipos()
#3 C:\wamp64\www\instintointimo\system\CodeIgniter.php(412): CodeIgniter\CodeIgniter->runController(Object(App\Controllers\Back\Banner))
#4 C:\wamp64\www\instintointimo\system\CodeIgniter.php(320): CodeIgniter\CodeIgniter->handleRequest(NULL, Object(Config\Cache), false)
#5 C:\wamp64\www\instintointimo\index.php(38): CodeIgniter\CodeIgniter->run()
#6 {main}
CRITICAL - 2022-03-14 10:32:16 --> Undefined index: banner_mobile
#0 C:\wamp64\www\instintointimo\app\Controllers\Back\Banner.php(258): CodeIgniter\Debug\Exceptions->errorHandler(8, 'Undefined index...', 'C:\\wamp64\\www\\i...', 258, Array)
#1 C:\wamp64\www\instintointimo\system\CodeIgniter.php(826): App\Controllers\Back\Banner->saveTipos()
#2 C:\wamp64\www\instintointimo\system\CodeIgniter.php(412): CodeIgniter\CodeIgniter->runController(Object(App\Controllers\Back\Banner))
#3 C:\wamp64\www\instintointimo\system\CodeIgniter.php(320): CodeIgniter\CodeIgniter->handleRequest(NULL, Object(Config\Cache), false)
#4 C:\wamp64\www\instintointimo\index.php(38): CodeIgniter\CodeIgniter->run()
#5 {main}
ERROR - 2022-03-14 10:47:10 --> Cannot add or update a child row: a foreign key constraint fails (`instintointimo`.`banner`, CONSTRAINT `FK_banner_site` FOREIGN KEY (`site_id`) REFERENCES `site` (`id`) ON DELETE NO ACTION ON UPDATE NO ACTION)
CRITICAL - 2022-03-14 10:47:10 --> Cannot add or update a child row: a foreign key constraint fails (`instintointimo`.`banner`, CONSTRAINT `FK_banner_site` FOREIGN KEY (`site_id`) REFERENCES `site` (`id`) ON DELETE NO ACTION ON UPDATE NO ACTION)
#0 C:\wamp64\www\instintointimo\system\Database\MySQLi\Connection.php(292): mysqli->query('INSERT INTO `ba...', 0)
#1 C:\wamp64\www\instintointimo\system\Database\BaseConnection.php(670): CodeIgniter\Database\MySQLi\Connection->execute('INSERT INTO `ba...')
#2 C:\wamp64\www\instintointimo\system\Database\BaseConnection.php(598): CodeIgniter\Database\BaseConnection->simpleQuery('INSERT INTO `ba...')
#3 C:\wamp64\www\instintointimo\system\Database\BaseBuilder.php(1771): CodeIgniter\Database\BaseConnection->query('INSERT INTO `ba...', Array, false)
#4 C:\wamp64\www\instintointimo\system\Model.php(239): CodeIgniter\Database\BaseBuilder->insert()
#5 C:\wamp64\www\instintointimo\system\BaseModel.php(728): CodeIgniter\Model->doInsert(Array)
#6 C:\wamp64\www\instintointimo\system\Model.php(625): CodeIgniter\BaseModel->insert(Array, false)
#7 C:\wamp64\www\instintointimo\system\BaseModel.php(651): CodeIgniter\Model->insert(Array, false)
#8 C:\wamp64\www\instintointimo\app\Controllers\Back\Banner.php(273): CodeIgniter\BaseModel->save(Array)
#9 C:\wamp64\www\instintointimo\system\CodeIgniter.php(826): App\Controllers\Back\Banner->saveTipos()
#10 C:\wamp64\www\instintointimo\system\CodeIgniter.php(412): CodeIgniter\CodeIgniter->runController(Object(App\Controllers\Back\Banner))
#11 C:\wamp64\www\instintointimo\system\CodeIgniter.php(320): CodeIgniter\CodeIgniter->handleRequest(NULL, Object(Config\Cache), false)
#12 C:\wamp64\www\instintointimo\index.php(38): CodeIgniter\CodeIgniter->run()
#13 {main}
ERROR - 2022-03-14 10:51:13 --> Cannot add or update a child row: a foreign key constraint fails (`instintointimo`.`banner`, CONSTRAINT `FK_banner_site` FOREIGN KEY (`site_id`) REFERENCES `site` (`id`) ON DELETE NO ACTION ON UPDATE NO ACTION)
CRITICAL - 2022-03-14 10:51:13 --> Cannot add or update a child row: a foreign key constraint fails (`instintointimo`.`banner`, CONSTRAINT `FK_banner_site` FOREIGN KEY (`site_id`) REFERENCES `site` (`id`) ON DELETE NO ACTION ON UPDATE NO ACTION)
#0 C:\wamp64\www\instintointimo\system\Database\MySQLi\Connection.php(292): mysqli->query('INSERT INTO `ba...', 0)
#1 C:\wamp64\www\instintointimo\system\Database\BaseConnection.php(670): CodeIgniter\Database\MySQLi\Connection->execute('INSERT INTO `ba...')
#2 C:\wamp64\www\instintointimo\system\Database\BaseConnection.php(598): CodeIgniter\Database\BaseConnection->simpleQuery('INSERT INTO `ba...')
#3 C:\wamp64\www\instintointimo\system\Database\BaseBuilder.php(1771): CodeIgniter\Database\BaseConnection->query('INSERT INTO `ba...', Array, false)
#4 C:\wamp64\www\instintointimo\system\Model.php(239): CodeIgniter\Database\BaseBuilder->insert()
#5 C:\wamp64\www\instintointimo\system\BaseModel.php(728): CodeIgniter\Model->doInsert(Array)
#6 C:\wamp64\www\instintointimo\system\Model.php(625): CodeIgniter\BaseModel->insert(Array, false)
#7 C:\wamp64\www\instintointimo\system\BaseModel.php(651): CodeIgniter\Model->insert(Array, false)
#8 C:\wamp64\www\instintointimo\app\Controllers\Back\Banner.php(274): CodeIgniter\BaseModel->save(Array)
#9 C:\wamp64\www\instintointimo\system\CodeIgniter.php(826): App\Controllers\Back\Banner->saveTipos()
#10 C:\wamp64\www\instintointimo\system\CodeIgniter.php(412): CodeIgniter\CodeIgniter->runController(Object(App\Controllers\Back\Banner))
#11 C:\wamp64\www\instintointimo\system\CodeIgniter.php(320): CodeIgniter\CodeIgniter->handleRequest(NULL, Object(Config\Cache), false)
#12 C:\wamp64\www\instintointimo\index.php(38): CodeIgniter\CodeIgniter->run()
#13 {main}
ERROR - 2022-03-14 10:51:46 --> Cannot add or update a child row: a foreign key constraint fails (`instintointimo`.`banner`, CONSTRAINT `FK_banner_site` FOREIGN KEY (`site_id`) REFERENCES `site` (`id`) ON DELETE NO ACTION ON UPDATE NO ACTION)
CRITICAL - 2022-03-14 10:51:46 --> Cannot add or update a child row: a foreign key constraint fails (`instintointimo`.`banner`, CONSTRAINT `FK_banner_site` FOREIGN KEY (`site_id`) REFERENCES `site` (`id`) ON DELETE NO ACTION ON UPDATE NO ACTION)
#0 C:\wamp64\www\instintointimo\system\Database\MySQLi\Connection.php(292): mysqli->query('INSERT INTO `ba...', 0)
#1 C:\wamp64\www\instintointimo\system\Database\BaseConnection.php(670): CodeIgniter\Database\MySQLi\Connection->execute('INSERT INTO `ba...')
#2 C:\wamp64\www\instintointimo\system\Database\BaseConnection.php(598): CodeIgniter\Database\BaseConnection->simpleQuery('INSERT INTO `ba...')
#3 C:\wamp64\www\instintointimo\system\Database\BaseBuilder.php(1771): CodeIgniter\Database\BaseConnection->query('INSERT INTO `ba...', Array, false)
#4 C:\wamp64\www\instintointimo\system\Model.php(239): CodeIgniter\Database\BaseBuilder->insert()
#5 C:\wamp64\www\instintointimo\system\BaseModel.php(728): CodeIgniter\Model->doInsert(Array)
#6 C:\wamp64\www\instintointimo\system\Model.php(625): CodeIgniter\BaseModel->insert(Array, false)
#7 C:\wamp64\www\instintointimo\system\BaseModel.php(651): CodeIgniter\Model->insert(Array, false)
#8 C:\wamp64\www\instintointimo\app\Controllers\Back\Banner.php(274): CodeIgniter\BaseModel->save(Array)
#9 C:\wamp64\www\instintointimo\system\CodeIgniter.php(826): App\Controllers\Back\Banner->saveTipos()
#10 C:\wamp64\www\instintointimo\system\CodeIgniter.php(412): CodeIgniter\CodeIgniter->runController(Object(App\Controllers\Back\Banner))
#11 C:\wamp64\www\instintointimo\system\CodeIgniter.php(320): CodeIgniter\CodeIgniter->handleRequest(NULL, Object(Config\Cache), false)
#12 C:\wamp64\www\instintointimo\index.php(38): CodeIgniter\CodeIgniter->run()
#13 {main}
CRITICAL - 2022-03-14 10:56:35 --> File not found: C:\wamp64\www\instintointimo\public/upload/banner/tmp1647266195_965f38b5af02c2a535b0.jpg
#0 C:\wamp64\www\instintointimo\system\Files\File.php(45): CodeIgniter\Files\Exceptions\FileNotFoundException::forFileNotFound('C:\\wamp64\\www\\i...')
#1 C:\wamp64\www\instintointimo\system\Images\Handlers\BaseHandler.php(148): CodeIgniter\Files\File->__construct('C:\\wamp64\\www\\i...', true)
#2 C:\wamp64\www\instintointimo\app\Controllers\Back\Banner.php(236): CodeIgniter\Images\Handlers\BaseHandler->withFile('C:\\wamp64\\www\\i...')
#3 C:\wamp64\www\instintointimo\system\CodeIgniter.php(826): App\Controllers\Back\Banner->saveTipos()
#4 C:\wamp64\www\instintointimo\system\CodeIgniter.php(412): CodeIgniter\CodeIgniter->runController(Object(App\Controllers\Back\Banner))
#5 C:\wamp64\www\instintointimo\system\CodeIgniter.php(320): CodeIgniter\CodeIgniter->handleRequest(NULL, Object(Config\Cache), false)
#6 C:\wamp64\www\instintointimo\index.php(38): CodeIgniter\CodeIgniter->run()
#7 {main}
CRITICAL - 2022-03-14 10:57:31 --> unlink(C:\wamp64\www\instintointimo\public/upload/banner/tmp1647266251_3c09a44f1facdf8be336.jpg): No such file or directory
#0 [internal function]: CodeIgniter\Debug\Exceptions->errorHandler(2, 'unlink(C:\\wamp6...', 'C:\\wamp64\\www\\i...', 249, Array)
#1 C:\wamp64\www\instintointimo\app\Controllers\Back\Banner.php(249): unlink('C:\\wamp64\\www\\i...')
#2 C:\wamp64\www\instintointimo\system\CodeIgniter.php(826): App\Controllers\Back\Banner->saveTipos()
#3 C:\wamp64\www\instintointimo\system\CodeIgniter.php(412): CodeIgniter\CodeIgniter->runController(Object(App\Controllers\Back\Banner))
#4 C:\wamp64\www\instintointimo\system\CodeIgniter.php(320): CodeIgniter\CodeIgniter->handleRequest(NULL, Object(Config\Cache), false)
#5 C:\wamp64\www\instintointimo\index.php(38): CodeIgniter\CodeIgniter->run()
#6 {main}
ERROR - 2022-03-14 10:58:05 --> Cannot add or update a child row: a foreign key constraint fails (`instintointimo`.`banner`, CONSTRAINT `FK_banner_site` FOREIGN KEY (`site_id`) REFERENCES `site` (`id`) ON DELETE NO ACTION ON UPDATE NO ACTION)
CRITICAL - 2022-03-14 10:58:05 --> Cannot add or update a child row: a foreign key constraint fails (`instintointimo`.`banner`, CONSTRAINT `FK_banner_site` FOREIGN KEY (`site_id`) REFERENCES `site` (`id`) ON DELETE NO ACTION ON UPDATE NO ACTION)
#0 C:\wamp64\www\instintointimo\system\Database\MySQLi\Connection.php(292): mysqli->query('INSERT INTO `ba...', 0)
#1 C:\wamp64\www\instintointimo\system\Database\BaseConnection.php(670): CodeIgniter\Database\MySQLi\Connection->execute('INSERT INTO `ba...')
#2 C:\wamp64\www\instintointimo\system\Database\BaseConnection.php(598): CodeIgniter\Database\BaseConnection->simpleQuery('INSERT INTO `ba...')
#3 C:\wamp64\www\instintointimo\system\Database\BaseBuilder.php(1771): CodeIgniter\Database\BaseConnection->query('INSERT INTO `ba...', Array, false)
#4 C:\wamp64\www\instintointimo\system\Model.php(239): CodeIgniter\Database\BaseBuilder->insert()
#5 C:\wamp64\www\instintointimo\system\BaseModel.php(728): CodeIgniter\Model->doInsert(Array)
#6 C:\wamp64\www\instintointimo\system\Model.php(625): CodeIgniter\BaseModel->insert(Array, false)
#7 C:\wamp64\www\instintointimo\system\BaseModel.php(651): CodeIgniter\Model->insert(Array, false)
#8 C:\wamp64\www\instintointimo\app\Controllers\Back\Banner.php(278): CodeIgniter\BaseModel->save(Array)
#9 C:\wamp64\www\instintointimo\system\CodeIgniter.php(826): App\Controllers\Back\Banner->saveTipos()
#10 C:\wamp64\www\instintointimo\system\CodeIgniter.php(412): CodeIgniter\CodeIgniter->runController(Object(App\Controllers\Back\Banner))
#11 C:\wamp64\www\instintointimo\system\CodeIgniter.php(320): CodeIgniter\CodeIgniter->handleRequest(NULL, Object(Config\Cache), false)
#12 C:\wamp64\www\instintointimo\index.php(38): CodeIgniter\CodeIgniter->run()
#13 {main}
ERROR - 2022-03-14 10:58:50 --> Cannot add or update a child row: a foreign key constraint fails (`instintointimo`.`banner`, CONSTRAINT `FK_banner_site` FOREIGN KEY (`site_id`) REFERENCES `site` (`id`) ON DELETE NO ACTION ON UPDATE NO ACTION)
CRITICAL - 2022-03-14 10:58:50 --> Cannot add or update a child row: a foreign key constraint fails (`instintointimo`.`banner`, CONSTRAINT `FK_banner_site` FOREIGN KEY (`site_id`) REFERENCES `site` (`id`) ON DELETE NO ACTION ON UPDATE NO ACTION)
#0 C:\wamp64\www\instintointimo\system\Database\MySQLi\Connection.php(292): mysqli->query('INSERT INTO `ba...', 0)
#1 C:\wamp64\www\instintointimo\system\Database\BaseConnection.php(670): CodeIgniter\Database\MySQLi\Connection->execute('INSERT INTO `ba...')
#2 C:\wamp64\www\instintointimo\system\Database\BaseConnection.php(598): CodeIgniter\Database\BaseConnection->simpleQuery('INSERT INTO `ba...')
#3 C:\wamp64\www\instintointimo\system\Database\BaseBuilder.php(1771): CodeIgniter\Database\BaseConnection->query('INSERT INTO `ba...', Array, false)
#4 C:\wamp64\www\instintointimo\system\Model.php(239): CodeIgniter\Database\BaseBuilder->insert()
#5 C:\wamp64\www\instintointimo\system\BaseModel.php(728): CodeIgniter\Model->doInsert(Array)
#6 C:\wamp64\www\instintointimo\system\Model.php(625): CodeIgniter\BaseModel->insert(Array, false)
#7 C:\wamp64\www\instintointimo\system\BaseModel.php(651): CodeIgniter\Model->insert(Array, false)
#8 C:\wamp64\www\instintointimo\app\Controllers\Back\Banner.php(278): CodeIgniter\BaseModel->save(Array)
#9 C:\wamp64\www\instintointimo\system\CodeIgniter.php(826): App\Controllers\Back\Banner->saveTipos()
#10 C:\wamp64\www\instintointimo\system\CodeIgniter.php(412): CodeIgniter\CodeIgniter->runController(Object(App\Controllers\Back\Banner))
#11 C:\wamp64\www\instintointimo\system\CodeIgniter.php(320): CodeIgniter\CodeIgniter->handleRequest(NULL, Object(Config\Cache), false)
#12 C:\wamp64\www\instintointimo\index.php(38): CodeIgniter\CodeIgniter->run()
#13 {main}
CRITICAL - 2022-03-14 11:05:15 --> Trying to get property 'banner' of non-object
#0 C:\wamp64\www\instintointimo\app\Views\Front\Home\vibrance.php(604): CodeIgniter\Debug\Exceptions->errorHandler(8, 'Trying to get p...', 'C:\\wamp64\\www\\i...', 604, Array)
#1 C:\wamp64\www\instintointimo\system\View\View.php(210): include('C:\\wamp64\\www\\i...')
#2 C:\wamp64\www\instintointimo\system\View\View.php(213): CodeIgniter\View\View->CodeIgniter\View\{closure}()
#3 C:\wamp64\www\instintointimo\system\Common.php(1089): CodeIgniter\View\View->render('Front/Home/vibr...', Array, true)
#4 C:\wamp64\www\instintointimo\app\Controllers\Front\Home.php(46): view('Front/Home/vibr...', Array)
#5 C:\wamp64\www\instintointimo\system\CodeIgniter.php(826): App\Controllers\Front\Home->index()
#6 C:\wamp64\www\instintointimo\system\CodeIgniter.php(412): CodeIgniter\CodeIgniter->runController(Object(App\Controllers\Front\Home))
#7 C:\wamp64\www\instintointimo\system\CodeIgniter.php(320): CodeIgniter\CodeIgniter->handleRequest(NULL, Object(Config\Cache), false)
#8 C:\wamp64\www\instintointimo\index.php(38): CodeIgniter\CodeIgniter->run()
#9 {main}
CRITICAL - 2022-03-14 11:09:14 --> Undefined variable: bannerT
#0 C:\wamp64\www\instintointimo\app\Views\Front\Home\vibrance.php(626): CodeIgniter\Debug\Exceptions->errorHandler(8, 'Undefined varia...', 'C:\\wamp64\\www\\i...', 626, Array)
#1 C:\wamp64\www\instintointimo\system\View\View.php(210): include('C:\\wamp64\\www\\i...')
#2 C:\wamp64\www\instintointimo\system\View\View.php(213): CodeIgniter\View\View->CodeIgniter\View\{closure}()
#3 C:\wamp64\www\instintointimo\system\Common.php(1089): CodeIgniter\View\View->render('Front/Home/vibr...', Array, true)
#4 C:\wamp64\www\instintointimo\app\Controllers\Front\Home.php(46): view('Front/Home/vibr...', Array)
#5 C:\wamp64\www\instintointimo\system\CodeIgniter.php(826): App\Controllers\Front\Home->index()
#6 C:\wamp64\www\instintointimo\system\CodeIgniter.php(412): CodeIgniter\CodeIgniter->runController(Object(App\Controllers\Front\Home))
#7 C:\wamp64\www\instintointimo\system\CodeIgniter.php(320): CodeIgniter\CodeIgniter->handleRequest(NULL, Object(Config\Cache), false)
#8 C:\wamp64\www\instintointimo\index.php(38): CodeIgniter\CodeIgniter->run()
#9 {main}
CRITICAL - 2022-03-14 11:38:34 --> Undefined variable: rules
#0 C:\wamp64\www\instintointimo\app\Controllers\Back\Banner.php(187): CodeIgniter\Debug\Exceptions->errorHandler(8, 'Undefined varia...', 'C:\\wamp64\\www\\i...', 187, Array)
#1 C:\wamp64\www\instintointimo\system\CodeIgniter.php(826): App\Controllers\Back\Banner->saveTipos()
#2 C:\wamp64\www\instintointimo\system\CodeIgniter.php(412): CodeIgniter\CodeIgniter->runController(Object(App\Controllers\Back\Banner))
#3 C:\wamp64\www\instintointimo\system\CodeIgniter.php(320): CodeIgniter\CodeIgniter->handleRequest(NULL, Object(Config\Cache), false)
#4 C:\wamp64\www\instintointimo\index.php(38): CodeIgniter\CodeIgniter->run()
#5 {main}
CRITICAL - 2022-03-14 15:01:28 --> Trying to access array offset on value of type null
#0 C:\wamp64\www\instintointimo\app\Controllers\Front\Produto.php(80): CodeIgniter\Debug\Exceptions->errorHandler(8, 'Trying to acces...', 'C:\\wamp64\\www\\i...', 80, Array)
#1 C:\wamp64\www\instintointimo\system\CodeIgniter.php(826): App\Controllers\Front\Produto->index('legging', 'icon', 'favicon.png')
#2 C:\wamp64\www\instintointimo\system\CodeIgniter.php(412): CodeIgniter\CodeIgniter->runController(Object(App\Controllers\Front\Produto))
#3 C:\wamp64\www\instintointimo\system\CodeIgniter.php(320): CodeIgniter\CodeIgniter->handleRequest(NULL, Object(Config\Cache), false)
#4 C:\wamp64\www\instintointimo\index.php(38): CodeIgniter\CodeIgniter->run()
#5 {main}
