CRITICAL - 2022-03-11 09:54:25 --> Call to a member function where() on null
#0 C:\wamp64\www\instintointimo\system\CodeIgniter.php(826): App\Controllers\Api\Produtos->deleteImagens()
#1 C:\wamp64\www\instintointimo\system\CodeIgniter.php(412): CodeIgniter\CodeIgniter->runController(Object(App\Controllers\Api\Produtos))
#2 C:\wamp64\www\instintointimo\system\CodeIgniter.php(320): CodeIgniter\CodeIgniter->handleRequest(NULL, Object(Config\Cache), false)
#3 C:\wamp64\www\instintointimo\index.php(38): CodeIgniter\CodeIgniter->run()
#4 {main}
ERROR - 2022-03-11 09:54:59 --> Unknown column 'produtos_galeria.deleted_at' in 'where clause'
CRITICAL - 2022-03-11 09:54:59 --> Unknown column 'produtos_galeria.deleted_at' in 'where clause'
#0 C:\wamp64\www\instintointimo\system\Database\MySQLi\Connection.php(292): mysqli->query('SELECT *\nFROM `...', 0)
#1 C:\wamp64\www\instintointimo\system\Database\BaseConnection.php(670): CodeIgniter\Database\MySQLi\Connection->execute('SELECT *\nFROM `...')
#2 C:\wamp64\www\instintointimo\system\Database\BaseConnection.php(598): CodeIgniter\Database\BaseConnection->simpleQuery('SELECT *\nFROM `...')
#3 C:\wamp64\www\instintointimo\system\Database\BaseBuilder.php(1455): CodeIgniter\Database\BaseConnection->query('SELECT *\nFROM `...', Array, false)
#4 C:\wamp64\www\instintointimo\system\Model.php(210): CodeIgniter\Database\BaseBuilder->get()
#5 C:\wamp64\www\instintointimo\system\BaseModel.php(616): CodeIgniter\Model->doFirst()
#6 C:\wamp64\www\instintointimo\app\Controllers\Api\Produtos.php(401): CodeIgniter\BaseModel->first()
#7 C:\wamp64\www\instintointimo\system\CodeIgniter.php(826): App\Controllers\Api\Produtos->deleteImagens()
#8 C:\wamp64\www\instintointimo\system\CodeIgniter.php(412): CodeIgniter\CodeIgniter->runController(Object(App\Controllers\Api\Produtos))
#9 C:\wamp64\www\instintointimo\system\CodeIgniter.php(320): CodeIgniter\CodeIgniter->handleRequest(NULL, Object(Config\Cache), false)
#10 C:\wamp64\www\instintointimo\index.php(38): CodeIgniter\CodeIgniter->run()
#11 {main}
CRITICAL - 2022-03-11 10:46:36 --> Undefined index: imagem
#0 C:\wamp64\www\instintointimo\app\Controllers\Api\Produtos.php(377): CodeIgniter\Debug\Exceptions->errorHandler(8, 'Undefined index...', 'C:\\wamp64\\www\\i...', 377, Array)
#1 C:\wamp64\www\instintointimo\system\CodeIgniter.php(826): App\Controllers\Api\Produtos->imagens()
#2 C:\wamp64\www\instintointimo\system\CodeIgniter.php(412): CodeIgniter\CodeIgniter->runController(Object(App\Controllers\Api\Produtos))
#3 C:\wamp64\www\instintointimo\system\CodeIgniter.php(320): CodeIgniter\CodeIgniter->handleRequest(NULL, Object(Config\Cache), false)
#4 C:\wamp64\www\instintointimo\index.php(38): CodeIgniter\CodeIgniter->run()
#5 {main}
CRITICAL - 2022-03-11 10:48:26 --> Undefined index: imagem
#0 C:\wamp64\www\instintointimo\app\Controllers\Api\Produtos.php(377): CodeIgniter\Debug\Exceptions->errorHandler(8, 'Undefined index...', 'C:\\wamp64\\www\\i...', 377, Array)
#1 C:\wamp64\www\instintointimo\system\CodeIgniter.php(826): App\Controllers\Api\Produtos->imagens()
#2 C:\wamp64\www\instintointimo\system\CodeIgniter.php(412): CodeIgniter\CodeIgniter->runController(Object(App\Controllers\Api\Produtos))
#3 C:\wamp64\www\instintointimo\system\CodeIgniter.php(320): CodeIgniter\CodeIgniter->handleRequest(NULL, Object(Config\Cache), false)
#4 C:\wamp64\www\instintointimo\index.php(38): CodeIgniter\CodeIgniter->run()
#5 {main}
CRITICAL - 2022-03-11 10:49:13 --> Undefined index: imagem
#0 C:\wamp64\www\instintointimo\app\Controllers\Api\Produtos.php(377): CodeIgniter\Debug\Exceptions->errorHandler(8, 'Undefined index...', 'C:\\wamp64\\www\\i...', 377, Array)
#1 C:\wamp64\www\instintointimo\system\CodeIgniter.php(826): App\Controllers\Api\Produtos->imagens()
#2 C:\wamp64\www\instintointimo\system\CodeIgniter.php(412): CodeIgniter\CodeIgniter->runController(Object(App\Controllers\Api\Produtos))
#3 C:\wamp64\www\instintointimo\system\CodeIgniter.php(320): CodeIgniter\CodeIgniter->handleRequest(NULL, Object(Config\Cache), false)
#4 C:\wamp64\www\instintointimo\index.php(38): CodeIgniter\CodeIgniter->run()
#5 {main}
CRITICAL - 2022-03-11 10:49:26 --> unlink(public/upload/produtos/original/100001_20220307104140.jpg): No such file or directory
#0 [internal function]: CodeIgniter\Debug\Exceptions->errorHandler(2, 'unlink(public/u...', 'C:\\wamp64\\www\\i...', 378, Array)
#1 C:\wamp64\www\instintointimo\app\Controllers\Api\Produtos.php(378): unlink('public/upload/p...')
#2 C:\wamp64\www\instintointimo\system\CodeIgniter.php(826): App\Controllers\Api\Produtos->imagens()
#3 C:\wamp64\www\instintointimo\system\CodeIgniter.php(412): CodeIgniter\CodeIgniter->runController(Object(App\Controllers\Api\Produtos))
#4 C:\wamp64\www\instintointimo\system\CodeIgniter.php(320): CodeIgniter\CodeIgniter->handleRequest(NULL, Object(Config\Cache), false)
#5 C:\wamp64\www\instintointimo\index.php(38): CodeIgniter\CodeIgniter->run()
#6 {main}
CRITICAL - 2022-03-11 18:32:43 --> Undefined variable: menus
#0 C:\wamp64\www\instintointimo\app\Views\Front\_menu_vibrance.php(96): CodeIgniter\Debug\Exceptions->errorHandler(8, 'Undefined varia...', 'C:\\wamp64\\www\\i...', 96, Array)
#1 C:\wamp64\www\instintointimo\system\View\View.php(210): include('C:\\wamp64\\www\\i...')
#2 C:\wamp64\www\instintointimo\system\View\View.php(213): CodeIgniter\View\View->CodeIgniter\View\{closure}()
#3 C:\wamp64\www\instintointimo\system\View\View.php(424): CodeIgniter\View\View->render('Front/_menu_vib...', NULL, true)
#4 C:\wamp64\www\instintointimo\app\Views\front.php(8): CodeIgniter\View\View->include('Front/_menu_vib...')
#5 C:\wamp64\www\instintointimo\system\View\View.php(210): include('C:\\wamp64\\www\\i...')
#6 C:\wamp64\www\instintointimo\system\View\View.php(213): CodeIgniter\View\View->CodeIgniter\View\{closure}()
#7 C:\wamp64\www\instintointimo\system\View\View.php(226): CodeIgniter\View\View->render('front', Array, true)
#8 C:\wamp64\www\instintointimo\system\Common.php(1089): CodeIgniter\View\View->render('Front/Carrinho/...', Array, true)
#9 C:\wamp64\www\instintointimo\app\Controllers\Front\Carrinho.php(32): view('Front/Carrinho/...', Array)
#10 C:\wamp64\www\instintointimo\system\CodeIgniter.php(826): App\Controllers\Front\Carrinho->index()
#11 C:\wamp64\www\instintointimo\system\CodeIgniter.php(412): CodeIgniter\CodeIgniter->runController(Object(App\Controllers\Front\Carrinho))
#12 C:\wamp64\www\instintointimo\system\CodeIgniter.php(320): CodeIgniter\CodeIgniter->handleRequest(NULL, Object(Config\Cache), false)
#13 C:\wamp64\www\instintointimo\index.php(38): CodeIgniter\CodeIgniter->run()
#14 {main}
CRITICAL - 2022-03-11 18:33:47 --> Undefined variable: menus
#0 C:\wamp64\www\instintointimo\app\Views\Front\_menu_vibrance.php(96): CodeIgniter\Debug\Exceptions->errorHandler(8, 'Undefined varia...', 'C:\\wamp64\\www\\i...', 96, Array)
#1 C:\wamp64\www\instintointimo\system\View\View.php(210): include('C:\\wamp64\\www\\i...')
#2 C:\wamp64\www\instintointimo\system\View\View.php(213): CodeIgniter\View\View->CodeIgniter\View\{closure}()
#3 C:\wamp64\www\instintointimo\system\View\View.php(424): CodeIgniter\View\View->render('Front/_menu_vib...', NULL, true)
#4 C:\wamp64\www\instintointimo\app\Views\front.php(8): CodeIgniter\View\View->include('Front/_menu_vib...')
#5 C:\wamp64\www\instintointimo\system\View\View.php(210): include('C:\\wamp64\\www\\i...')
#6 C:\wamp64\www\instintointimo\system\View\View.php(213): CodeIgniter\View\View->CodeIgniter\View\{closure}()
#7 C:\wamp64\www\instintointimo\system\View\View.php(226): CodeIgniter\View\View->render('front', Array, true)
#8 C:\wamp64\www\instintointimo\system\Common.php(1089): CodeIgniter\View\View->render('Front/Carrinho/...', Array, true)
#9 C:\wamp64\www\instintointimo\app\Controllers\Front\Carrinho.php(34): view('Front/Carrinho/...', Array)
#10 C:\wamp64\www\instintointimo\system\CodeIgniter.php(826): App\Controllers\Front\Carrinho->index()
#11 C:\wamp64\www\instintointimo\system\CodeIgniter.php(412): CodeIgniter\CodeIgniter->runController(Object(App\Controllers\Front\Carrinho))
#12 C:\wamp64\www\instintointimo\system\CodeIgniter.php(320): CodeIgniter\CodeIgniter->handleRequest(NULL, Object(Config\Cache), false)
#13 C:\wamp64\www\instintointimo\index.php(38): CodeIgniter\CodeIgniter->run()
#14 {main}
CRITICAL - 2022-03-11 18:34:25 --> Invalid argument supplied for foreach()
#0 C:\wamp64\www\instintointimo\app\Views\Front\_menu_vibrance.php(96): CodeIgniter\Debug\Exceptions->errorHandler(2, 'Invalid argumen...', 'C:\\wamp64\\www\\i...', 96, Array)
#1 C:\wamp64\www\instintointimo\system\View\View.php(210): include('C:\\wamp64\\www\\i...')
#2 C:\wamp64\www\instintointimo\system\View\View.php(213): CodeIgniter\View\View->CodeIgniter\View\{closure}()
#3 C:\wamp64\www\instintointimo\system\View\View.php(424): CodeIgniter\View\View->render('Front/_menu_vib...', NULL, true)
#4 C:\wamp64\www\instintointimo\app\Views\front.php(8): CodeIgniter\View\View->include('Front/_menu_vib...')
#5 C:\wamp64\www\instintointimo\system\View\View.php(210): include('C:\\wamp64\\www\\i...')
#6 C:\wamp64\www\instintointimo\system\View\View.php(213): CodeIgniter\View\View->CodeIgniter\View\{closure}()
#7 C:\wamp64\www\instintointimo\system\View\View.php(226): CodeIgniter\View\View->render('front', Array, true)
#8 C:\wamp64\www\instintointimo\system\Common.php(1089): CodeIgniter\View\View->render('Front/Carrinho/...', Array, true)
#9 C:\wamp64\www\instintointimo\app\Controllers\Front\Carrinho.php(34): view('Front/Carrinho/...', Array)
#10 C:\wamp64\www\instintointimo\system\CodeIgniter.php(826): App\Controllers\Front\Carrinho->index()
#11 C:\wamp64\www\instintointimo\system\CodeIgniter.php(412): CodeIgniter\CodeIgniter->runController(Object(App\Controllers\Front\Carrinho))
#12 C:\wamp64\www\instintointimo\system\CodeIgniter.php(320): CodeIgniter\CodeIgniter->handleRequest(NULL, Object(Config\Cache), false)
#13 C:\wamp64\www\instintointimo\index.php(38): CodeIgniter\CodeIgniter->run()
#14 {main}
CRITICAL - 2022-03-11 18:34:26 --> Invalid argument supplied for foreach()
#0 C:\wamp64\www\instintointimo\app\Views\Front\_menu_vibrance.php(96): CodeIgniter\Debug\Exceptions->errorHandler(2, 'Invalid argumen...', 'C:\\wamp64\\www\\i...', 96, Array)
#1 C:\wamp64\www\instintointimo\system\View\View.php(210): include('C:\\wamp64\\www\\i...')
#2 C:\wamp64\www\instintointimo\system\View\View.php(213): CodeIgniter\View\View->CodeIgniter\View\{closure}()
#3 C:\wamp64\www\instintointimo\system\View\View.php(424): CodeIgniter\View\View->render('Front/_menu_vib...', NULL, true)
#4 C:\wamp64\www\instintointimo\app\Views\front.php(8): CodeIgniter\View\View->include('Front/_menu_vib...')
#5 C:\wamp64\www\instintointimo\system\View\View.php(210): include('C:\\wamp64\\www\\i...')
#6 C:\wamp64\www\instintointimo\system\View\View.php(213): CodeIgniter\View\View->CodeIgniter\View\{closure}()
#7 C:\wamp64\www\instintointimo\system\View\View.php(226): CodeIgniter\View\View->render('front', Array, true)
#8 C:\wamp64\www\instintointimo\system\Common.php(1089): CodeIgniter\View\View->render('Front/Carrinho/...', Array, true)
#9 C:\wamp64\www\instintointimo\app\Controllers\Front\Carrinho.php(34): view('Front/Carrinho/...', Array)
#10 C:\wamp64\www\instintointimo\system\CodeIgniter.php(826): App\Controllers\Front\Carrinho->index()
#11 C:\wamp64\www\instintointimo\system\CodeIgniter.php(412): CodeIgniter\CodeIgniter->runController(Object(App\Controllers\Front\Carrinho))
#12 C:\wamp64\www\instintointimo\system\CodeIgniter.php(320): CodeIgniter\CodeIgniter->handleRequest(NULL, Object(Config\Cache), false)
#13 C:\wamp64\www\instintointimo\index.php(38): CodeIgniter\CodeIgniter->run()
#14 {main}
CRITICAL - 2022-03-11 18:36:41 --> Invalid argument supplied for foreach()
#0 C:\wamp64\www\instintointimo\app\Views\Front\_menu_vibrance.php(96): CodeIgniter\Debug\Exceptions->errorHandler(2, 'Invalid argumen...', 'C:\\wamp64\\www\\i...', 96, Array)
#1 C:\wamp64\www\instintointimo\system\View\View.php(210): include('C:\\wamp64\\www\\i...')
#2 C:\wamp64\www\instintointimo\system\View\View.php(213): CodeIgniter\View\View->CodeIgniter\View\{closure}()
#3 C:\wamp64\www\instintointimo\system\View\View.php(424): CodeIgniter\View\View->render('Front/_menu_vib...', NULL, true)
#4 C:\wamp64\www\instintointimo\app\Views\front.php(8): CodeIgniter\View\View->include('Front/_menu_vib...')
#5 C:\wamp64\www\instintointimo\system\View\View.php(210): include('C:\\wamp64\\www\\i...')
#6 C:\wamp64\www\instintointimo\system\View\View.php(213): CodeIgniter\View\View->CodeIgniter\View\{closure}()
#7 C:\wamp64\www\instintointimo\system\View\View.php(226): CodeIgniter\View\View->render('front', Array, true)
#8 C:\wamp64\www\instintointimo\system\Common.php(1089): CodeIgniter\View\View->render('Front/Carrinho/...', Array, true)
#9 C:\wamp64\www\instintointimo\app\Controllers\Front\Carrinho.php(35): view('Front/Carrinho/...', Array)
#10 C:\wamp64\www\instintointimo\system\CodeIgniter.php(826): App\Controllers\Front\Carrinho->index()
#11 C:\wamp64\www\instintointimo\system\CodeIgniter.php(412): CodeIgniter\CodeIgniter->runController(Object(App\Controllers\Front\Carrinho))
#12 C:\wamp64\www\instintointimo\system\CodeIgniter.php(320): CodeIgniter\CodeIgniter->handleRequest(NULL, Object(Config\Cache), false)
#13 C:\wamp64\www\instintointimo\index.php(38): CodeIgniter\CodeIgniter->run()
#14 {main}
CRITICAL - 2022-03-11 19:27:30 --> Too few arguments to function App\Controllers\Front\Carrinho::addProduto(), 0 passed in C:\wamp64\www\instintointimo\system\CodeIgniter.php on line 826 and exactly 2 expected
#0 C:\wamp64\www\instintointimo\system\CodeIgniter.php(826): App\Controllers\Front\Carrinho->addProduto()
#1 C:\wamp64\www\instintointimo\system\CodeIgniter.php(412): CodeIgniter\CodeIgniter->runController(Object(App\Controllers\Front\Carrinho))
#2 C:\wamp64\www\instintointimo\system\CodeIgniter.php(320): CodeIgniter\CodeIgniter->handleRequest(NULL, Object(Config\Cache), false)
#3 C:\wamp64\www\instintointimo\index.php(38): CodeIgniter\CodeIgniter->run()
#4 {main}
CRITICAL - 2022-03-11 19:31:57 --> Class 'App\Controllers\Front\AtributosModel' not found
#0 C:\wamp64\www\instintointimo\system\CodeIgniter.php(803): App\Controllers\Front\Carrinho->__construct()
#1 C:\wamp64\www\instintointimo\system\CodeIgniter.php(403): CodeIgniter\CodeIgniter->createController()
#2 C:\wamp64\www\instintointimo\system\CodeIgniter.php(320): CodeIgniter\CodeIgniter->handleRequest(NULL, Object(Config\Cache), false)
#3 C:\wamp64\www\instintointimo\index.php(38): CodeIgniter\CodeIgniter->run()
#4 {main}
CRITICAL - 2022-03-11 19:32:11 --> Array to string conversion
#0 C:\wamp64\www\instintointimo\app\Controllers\Front\Carrinho.php(51): CodeIgniter\Debug\Exceptions->errorHandler(8, 'Array to string...', 'C:\\wamp64\\www\\i...', 51, Array)
#1 C:\wamp64\www\instintointimo\system\CodeIgniter.php(826): App\Controllers\Front\Carrinho->addProduto('1', '2')
#2 C:\wamp64\www\instintointimo\system\CodeIgniter.php(412): CodeIgniter\CodeIgniter->runController(Object(App\Controllers\Front\Carrinho))
#3 C:\wamp64\www\instintointimo\system\CodeIgniter.php(320): CodeIgniter\CodeIgniter->handleRequest(NULL, Object(Config\Cache), false)
#4 C:\wamp64\www\instintointimo\index.php(38): CodeIgniter\CodeIgniter->run()
#5 {main}
CRITICAL - 2022-03-11 20:14:47 --> Trying to access array offset on value of type null
#0 C:\wamp64\www\instintointimo\app\Controllers\Front\Carrinho.php(64): CodeIgniter\Debug\Exceptions->errorHandler(8, 'Trying to acces...', 'C:\\wamp64\\www\\i...', 64, Array)
#1 C:\wamp64\www\instintointimo\system\CodeIgniter.php(826): App\Controllers\Front\Carrinho->addProduto('1', '2')
#2 C:\wamp64\www\instintointimo\system\CodeIgniter.php(412): CodeIgniter\CodeIgniter->runController(Object(App\Controllers\Front\Carrinho))
#3 C:\wamp64\www\instintointimo\system\CodeIgniter.php(320): CodeIgniter\CodeIgniter->handleRequest(NULL, Object(Config\Cache), false)
#4 C:\wamp64\www\instintointimo\index.php(38): CodeIgniter\CodeIgniter->run()
#5 {main}
CRITICAL - 2022-03-11 20:16:45 --> Call to undefined function App\Controllers\Front\seesion()
#0 C:\wamp64\www\instintointimo\system\CodeIgniter.php(826): App\Controllers\Front\Carrinho->addProduto('1', '2')
#1 C:\wamp64\www\instintointimo\system\CodeIgniter.php(412): CodeIgniter\CodeIgniter->runController(Object(App\Controllers\Front\Carrinho))
#2 C:\wamp64\www\instintointimo\system\CodeIgniter.php(320): CodeIgniter\CodeIgniter->handleRequest(NULL, Object(Config\Cache), false)
#3 C:\wamp64\www\instintointimo\index.php(38): CodeIgniter\CodeIgniter->run()
#4 {main}
ERROR - 2022-03-11 20:16:54 --> Unknown column 'cliente_id' in 'field list'
CRITICAL - 2022-03-11 20:16:54 --> Unknown column 'cliente_id' in 'field list'
#0 C:\wamp64\www\instintointimo\system\Database\MySQLi\Connection.php(292): mysqli->query('INSERT INTO `cl...', 0)
#1 C:\wamp64\www\instintointimo\system\Database\BaseConnection.php(670): CodeIgniter\Database\MySQLi\Connection->execute('INSERT INTO `cl...')
#2 C:\wamp64\www\instintointimo\system\Database\BaseConnection.php(598): CodeIgniter\Database\BaseConnection->simpleQuery('INSERT INTO `cl...')
#3 C:\wamp64\www\instintointimo\system\Database\BaseBuilder.php(1771): CodeIgniter\Database\BaseConnection->query('INSERT INTO `cl...', Array, false)
#4 C:\wamp64\www\instintointimo\system\Model.php(239): CodeIgniter\Database\BaseBuilder->insert()
#5 C:\wamp64\www\instintointimo\system\BaseModel.php(728): CodeIgniter\Model->doInsert(Array)
#6 C:\wamp64\www\instintointimo\system\Model.php(625): CodeIgniter\BaseModel->insert(Array, false)
#7 C:\wamp64\www\instintointimo\system\BaseModel.php(651): CodeIgniter\Model->insert(Array, false)
#8 C:\wamp64\www\instintointimo\app\Controllers\Front\Carrinho.php(57): CodeIgniter\BaseModel->save(Array)
#9 C:\wamp64\www\instintointimo\system\CodeIgniter.php(826): App\Controllers\Front\Carrinho->addProduto('1', '2')
#10 C:\wamp64\www\instintointimo\system\CodeIgniter.php(412): CodeIgniter\CodeIgniter->runController(Object(App\Controllers\Front\Carrinho))
#11 C:\wamp64\www\instintointimo\system\CodeIgniter.php(320): CodeIgniter\CodeIgniter->handleRequest(NULL, Object(Config\Cache), false)
#12 C:\wamp64\www\instintointimo\index.php(38): CodeIgniter\CodeIgniter->run()
#13 {main}
CRITICAL - 2022-03-11 20:17:06 --> There is no data to insert.
#0 C:\wamp64\www\instintointimo\system\BaseModel.php(708): CodeIgniter\Database\Exceptions\DataException::forEmptyDataset('insert')
#1 C:\wamp64\www\instintointimo\system\Model.php(625): CodeIgniter\BaseModel->insert(Array, false)
#2 C:\wamp64\www\instintointimo\system\BaseModel.php(651): CodeIgniter\Model->insert(Array, false)
#3 C:\wamp64\www\instintointimo\app\Controllers\Front\Carrinho.php(57): CodeIgniter\BaseModel->save(Array)
#4 C:\wamp64\www\instintointimo\system\CodeIgniter.php(826): App\Controllers\Front\Carrinho->addProduto('1', '2')
#5 C:\wamp64\www\instintointimo\system\CodeIgniter.php(412): CodeIgniter\CodeIgniter->runController(Object(App\Controllers\Front\Carrinho))
#6 C:\wamp64\www\instintointimo\system\CodeIgniter.php(320): CodeIgniter\CodeIgniter->handleRequest(NULL, Object(Config\Cache), false)
#7 C:\wamp64\www\instintointimo\index.php(38): CodeIgniter\CodeIgniter->run()
#8 {main}
CRITICAL - 2022-03-11 20:17:31 --> There is no data to insert.
#0 C:\wamp64\www\instintointimo\system\BaseModel.php(708): CodeIgniter\Database\Exceptions\DataException::forEmptyDataset('insert')
#1 C:\wamp64\www\instintointimo\system\Model.php(625): CodeIgniter\BaseModel->insert(Array, false)
#2 C:\wamp64\www\instintointimo\system\BaseModel.php(651): CodeIgniter\Model->insert(Array, false)
#3 C:\wamp64\www\instintointimo\app\Controllers\Front\Carrinho.php(57): CodeIgniter\BaseModel->save(Array)
#4 C:\wamp64\www\instintointimo\system\CodeIgniter.php(826): App\Controllers\Front\Carrinho->addProduto('1', '2')
#5 C:\wamp64\www\instintointimo\system\CodeIgniter.php(412): CodeIgniter\CodeIgniter->runController(Object(App\Controllers\Front\Carrinho))
#6 C:\wamp64\www\instintointimo\system\CodeIgniter.php(320): CodeIgniter\CodeIgniter->handleRequest(NULL, Object(Config\Cache), false)
#7 C:\wamp64\www\instintointimo\index.php(38): CodeIgniter\CodeIgniter->run()
#8 {main}
ERROR - 2022-03-11 20:19:01 --> Unknown column 'site_id' in 'field list'
CRITICAL - 2022-03-11 20:19:01 --> Unknown column 'site_id' in 'field list'
#0 C:\wamp64\www\instintointimo\system\Database\MySQLi\Connection.php(292): mysqli->query('INSERT INTO `cl...', 0)
#1 C:\wamp64\www\instintointimo\system\Database\BaseConnection.php(670): CodeIgniter\Database\MySQLi\Connection->execute('INSERT INTO `cl...')
#2 C:\wamp64\www\instintointimo\system\Database\BaseConnection.php(598): CodeIgniter\Database\BaseConnection->simpleQuery('INSERT INTO `cl...')
#3 C:\wamp64\www\instintointimo\system\Database\BaseBuilder.php(1771): CodeIgniter\Database\BaseConnection->query('INSERT INTO `cl...', Array, false)
#4 C:\wamp64\www\instintointimo\system\Model.php(239): CodeIgniter\Database\BaseBuilder->insert()
#5 C:\wamp64\www\instintointimo\system\BaseModel.php(728): CodeIgniter\Model->doInsert(Array)
#6 C:\wamp64\www\instintointimo\system\Model.php(625): CodeIgniter\BaseModel->insert(Array, false)
#7 C:\wamp64\www\instintointimo\system\BaseModel.php(651): CodeIgniter\Model->insert(Array, false)
#8 C:\wamp64\www\instintointimo\app\Controllers\Front\Carrinho.php(59): CodeIgniter\BaseModel->save(Array)
#9 C:\wamp64\www\instintointimo\system\CodeIgniter.php(826): App\Controllers\Front\Carrinho->addProduto('1', '2')
#10 C:\wamp64\www\instintointimo\system\CodeIgniter.php(412): CodeIgniter\CodeIgniter->runController(Object(App\Controllers\Front\Carrinho))
#11 C:\wamp64\www\instintointimo\system\CodeIgniter.php(320): CodeIgniter\CodeIgniter->handleRequest(NULL, Object(Config\Cache), false)
#12 C:\wamp64\www\instintointimo\index.php(38): CodeIgniter\CodeIgniter->run()
#13 {main}
CRITICAL - 2022-03-11 20:20:02 --> Undefined property: App\Controllers\Front\Carrinho::$subcategoria
#0 C:\wamp64\www\instintointimo\app\Controllers\Front\Carrinho.php(60): CodeIgniter\Debug\Exceptions->errorHandler(8, 'Undefined prope...', 'C:\\wamp64\\www\\i...', 60, Array)
#1 C:\wamp64\www\instintointimo\system\CodeIgniter.php(826): App\Controllers\Front\Carrinho->addProduto('1', '2')
#2 C:\wamp64\www\instintointimo\system\CodeIgniter.php(412): CodeIgniter\CodeIgniter->runController(Object(App\Controllers\Front\Carrinho))
#3 C:\wamp64\www\instintointimo\system\CodeIgniter.php(320): CodeIgniter\CodeIgniter->handleRequest(NULL, Object(Config\Cache), false)
#4 C:\wamp64\www\instintointimo\index.php(38): CodeIgniter\CodeIgniter->run()
#5 {main}
CRITICAL - 2022-03-11 20:29:51 --> Cookie object with name "cart" and prefix "" was not found in the collection.
#0 C:\wamp64\www\instintointimo\system\Cookie\CookieStore.php(114): CodeIgniter\Cookie\Exceptions\CookieException::forUnknownCookieInstance(Array)
#1 C:\wamp64\www\instintointimo\app\Controllers\Front\Carrinho.php(66): CodeIgniter\Cookie\CookieStore->get('cart')
#2 C:\wamp64\www\instintointimo\system\CodeIgniter.php(826): App\Controllers\Front\Carrinho->addProduto('1', '2')
#3 C:\wamp64\www\instintointimo\system\CodeIgniter.php(412): CodeIgniter\CodeIgniter->runController(Object(App\Controllers\Front\Carrinho))
#4 C:\wamp64\www\instintointimo\system\CodeIgniter.php(320): CodeIgniter\CodeIgniter->handleRequest(NULL, Object(Config\Cache), false)
#5 C:\wamp64\www\instintointimo\index.php(38): CodeIgniter\CodeIgniter->run()
#6 {main}
CRITICAL - 2022-03-11 20:30:16 --> Too few arguments to function CodeIgniter\Cookie\CookieStore::get(), 0 passed in C:\wamp64\www\instintointimo\app\Controllers\Front\Carrinho.php on line 66 and at least 1 expected
#0 C:\wamp64\www\instintointimo\app\Controllers\Front\Carrinho.php(66): CodeIgniter\Cookie\CookieStore->get()
#1 C:\wamp64\www\instintointimo\system\CodeIgniter.php(826): App\Controllers\Front\Carrinho->addProduto('1', '2')
#2 C:\wamp64\www\instintointimo\system\CodeIgniter.php(412): CodeIgniter\CodeIgniter->runController(Object(App\Controllers\Front\Carrinho))
#3 C:\wamp64\www\instintointimo\system\CodeIgniter.php(320): CodeIgniter\CodeIgniter->handleRequest(NULL, Object(Config\Cache), false)
#4 C:\wamp64\www\instintointimo\index.php(38): CodeIgniter\CodeIgniter->run()
#5 {main}
CRITICAL - 2022-03-11 20:33:59 --> Too few arguments to function CodeIgniter\Cookie\Cookie::__construct(), 0 passed in C:\wamp64\www\instintointimo\app\Controllers\Front\Carrinho.php on line 55 and at least 1 expected
#0 C:\wamp64\www\instintointimo\app\Controllers\Front\Carrinho.php(55): CodeIgniter\Cookie\Cookie->__construct()
#1 C:\wamp64\www\instintointimo\system\CodeIgniter.php(826): App\Controllers\Front\Carrinho->addProduto('1', '2')
#2 C:\wamp64\www\instintointimo\system\CodeIgniter.php(412): CodeIgniter\CodeIgniter->runController(Object(App\Controllers\Front\Carrinho))
#3 C:\wamp64\www\instintointimo\system\CodeIgniter.php(320): CodeIgniter\CodeIgniter->handleRequest(NULL, Object(Config\Cache), false)
#4 C:\wamp64\www\instintointimo\index.php(38): CodeIgniter\CodeIgniter->run()
#5 {main}
CRITICAL - 2022-03-11 20:40:39 --> Call to undefined function App\Controllers\Front\getcookie()
#0 C:\wamp64\www\instintointimo\system\CodeIgniter.php(826): App\Controllers\Front\Carrinho->addProduto('1', '2')
#1 C:\wamp64\www\instintointimo\system\CodeIgniter.php(412): CodeIgniter\CodeIgniter->runController(Object(App\Controllers\Front\Carrinho))
#2 C:\wamp64\www\instintointimo\system\CodeIgniter.php(320): CodeIgniter\CodeIgniter->handleRequest(NULL, Object(Config\Cache), false)
#3 C:\wamp64\www\instintointimo\index.php(38): CodeIgniter\CodeIgniter->run()
#4 {main}
CRITICAL - 2022-03-11 20:43:06 --> syntax error, unexpected ')'
#0 C:\wamp64\www\instintointimo\system\Autoloader\Autoloader.php(241): CodeIgniter\Autoloader\Autoloader->includeFile('C:\\wamp64\\www\\i...')
#1 C:\wamp64\www\instintointimo\system\Autoloader\Autoloader.php(219): CodeIgniter\Autoloader\Autoloader->loadInNamespace('App\\Controllers...')
#2 [internal function]: CodeIgniter\Autoloader\Autoloader->loadClass('App\\Controllers...')
#3 [internal function]: spl_autoload_call('App\\Controllers...')
#4 C:\wamp64\www\instintointimo\system\CodeIgniter.php(791): class_exists('\\App\\Controller...', true)
#5 C:\wamp64\www\instintointimo\system\CodeIgniter.php(399): CodeIgniter\CodeIgniter->startController()
#6 C:\wamp64\www\instintointimo\system\CodeIgniter.php(320): CodeIgniter\CodeIgniter->handleRequest(NULL, Object(Config\Cache), false)
#7 C:\wamp64\www\instintointimo\index.php(38): CodeIgniter\CodeIgniter->run()
#8 {main}
CRITICAL - 2022-03-11 20:46:56 --> Undefined index: cart
#0 C:\wamp64\www\instintointimo\app\Controllers\Front\Carrinho.php(62): CodeIgniter\Debug\Exceptions->errorHandler(8, 'Undefined index...', 'C:\\wamp64\\www\\i...', 62, Array)
#1 C:\wamp64\www\instintointimo\system\CodeIgniter.php(826): App\Controllers\Front\Carrinho->addProduto('1', '2')
#2 C:\wamp64\www\instintointimo\system\CodeIgniter.php(412): CodeIgniter\CodeIgniter->runController(Object(App\Controllers\Front\Carrinho))
#3 C:\wamp64\www\instintointimo\system\CodeIgniter.php(320): CodeIgniter\CodeIgniter->handleRequest(NULL, Object(Config\Cache), false)
#4 C:\wamp64\www\instintointimo\index.php(38): CodeIgniter\CodeIgniter->run()
#5 {main}
