CRITICAL - 2022-03-28 14:39:21 --> syntax error, unexpected '}'
#0 C:\wamp64\www\instintointimo\system\Autoloader\Autoloader.php(241): CodeIgniter\Autoloader\Autoloader->includeFile('C:\\wamp64\\www\\i...')
#1 C:\wamp64\www\instintointimo\system\Autoloader\Autoloader.php(219): CodeIgniter\Autoloader\Autoloader->loadInNamespace('App\\Controllers...')
#2 [internal function]: CodeIgniter\Autoloader\Autoloader->loadClass('App\\Controllers...')
#3 [internal function]: spl_autoload_call('App\\Controllers...')
#4 C:\wamp64\www\instintointimo\system\CodeIgniter.php(791): class_exists('\\App\\Controller...', true)
#5 C:\wamp64\www\instintointimo\system\CodeIgniter.php(399): CodeIgniter\CodeIgniter->startController()
#6 C:\wamp64\www\instintointimo\system\CodeIgniter.php(320): CodeIgniter\CodeIgniter->handleRequest(NULL, Object(Config\Cache), false)
#7 C:\wamp64\www\instintointimo\index.php(38): CodeIgniter\CodeIgniter->run()
#8 {main}
CRITICAL - 2022-03-28 14:40:26 --> Undefined index: cores
#0 C:\wamp64\www\instintointimo\app\Controllers\Front\Produto.php(99): CodeIgniter\Debug\Exceptions->errorHandler(8, 'Undefined index...', 'C:\\wamp64\\www\\i...', 99, Array)
#1 C:\wamp64\www\instintointimo\system\CodeIgniter.php(826): App\Controllers\Front\Produto->index('acessorios', 'pochete', 'pochete-vibra-p...')
#2 C:\wamp64\www\instintointimo\system\CodeIgniter.php(412): CodeIgniter\CodeIgniter->runController(Object(App\Controllers\Front\Produto))
#3 C:\wamp64\www\instintointimo\system\CodeIgniter.php(320): CodeIgniter\CodeIgniter->handleRequest(NULL, Object(Config\Cache), false)
#4 C:\wamp64\www\instintointimo\index.php(38): CodeIgniter\CodeIgniter->run()
#5 {main}
CRITICAL - 2022-03-28 14:42:34 --> Undefined variable: cor_unica
#0 C:\wamp64\www\instintointimo\app\Views\Front\Produto\index.php(134): CodeIgniter\Debug\Exceptions->errorHandler(8, 'Undefined varia...', 'C:\\wamp64\\www\\i...', 134, Array)
#1 C:\wamp64\www\instintointimo\system\View\View.php(210): include('C:\\wamp64\\www\\i...')
#2 C:\wamp64\www\instintointimo\system\View\View.php(213): CodeIgniter\View\View->CodeIgniter\View\{closure}()
#3 C:\wamp64\www\instintointimo\system\Common.php(1089): CodeIgniter\View\View->render('Front/Produto/i...', Array, true)
#4 C:\wamp64\www\instintointimo\app\Controllers\Front\Produto.php(105): view('Front/Produto/i...', Array)
#5 C:\wamp64\www\instintointimo\system\CodeIgniter.php(826): App\Controllers\Front\Produto->index('acessorios', 'pochete', 'pochete-vibra-p...')
#6 C:\wamp64\www\instintointimo\system\CodeIgniter.php(412): CodeIgniter\CodeIgniter->runController(Object(App\Controllers\Front\Produto))
#7 C:\wamp64\www\instintointimo\system\CodeIgniter.php(320): CodeIgniter\CodeIgniter->handleRequest(NULL, Object(Config\Cache), false)
#8 C:\wamp64\www\instintointimo\index.php(38): CodeIgniter\CodeIgniter->run()
#9 {main}
ERROR - 2022-03-28 14:48:37 --> Cannot add or update a child row: a foreign key constraint fails (`instintointimo`.`carrinho_itens`, CONSTRAINT `FK_carrinho_itens_tamanho` FOREIGN KEY (`tamanho_atributo_id`) REFERENCES `produtos_valor_atributos` (`id`) ON DELETE NO ACTION ON UPDATE NO ACTI)
CRITICAL - 2022-03-28 14:48:37 --> Cannot add or update a child row: a foreign key constraint fails (`instintointimo`.`carrinho_itens`, CONSTRAINT `FK_carrinho_itens_tamanho` FOREIGN KEY (`tamanho_atributo_id`) REFERENCES `produtos_valor_atributos` (`id`) ON DELETE NO ACTION ON UPDATE NO ACTI)
#0 C:\wamp64\www\instintointimo\system\Database\MySQLi\Connection.php(292): mysqli->query('INSERT INTO `ca...', 0)
#1 C:\wamp64\www\instintointimo\system\Database\BaseConnection.php(670): CodeIgniter\Database\MySQLi\Connection->execute('INSERT INTO `ca...')
#2 C:\wamp64\www\instintointimo\system\Database\BaseConnection.php(598): CodeIgniter\Database\BaseConnection->simpleQuery('INSERT INTO `ca...')
#3 C:\wamp64\www\instintointimo\system\Database\BaseBuilder.php(1771): CodeIgniter\Database\BaseConnection->query('INSERT INTO `ca...', Array, false)
#4 C:\wamp64\www\instintointimo\system\Model.php(239): CodeIgniter\Database\BaseBuilder->insert()
#5 C:\wamp64\www\instintointimo\system\BaseModel.php(728): CodeIgniter\Model->doInsert(Array)
#6 C:\wamp64\www\instintointimo\system\Model.php(625): CodeIgniter\BaseModel->insert(Array, false)
#7 C:\wamp64\www\instintointimo\system\BaseModel.php(651): CodeIgniter\Model->insert(Array, false)
#8 C:\wamp64\www\instintointimo\app\Controllers\Front\Carrinho.php(198): CodeIgniter\BaseModel->save(Array)
#9 C:\wamp64\www\instintointimo\system\CodeIgniter.php(826): App\Controllers\Front\Carrinho->addProduto()
#10 C:\wamp64\www\instintointimo\system\CodeIgniter.php(412): CodeIgniter\CodeIgniter->runController(Object(App\Controllers\Front\Carrinho))
#11 C:\wamp64\www\instintointimo\system\CodeIgniter.php(320): CodeIgniter\CodeIgniter->handleRequest(NULL, Object(Config\Cache), false)
#12 C:\wamp64\www\instintointimo\index.php(38): CodeIgniter\CodeIgniter->run()
#13 {main}
