ERROR - 2022-04-27 10:57:15 --> You have an error in your SQL syntax; check the manual that corresponds to your MySQL server version for the right syntax to use near 'NUL' at line 3
CRITICAL - 2022-04-27 10:57:15 --> You have an error in your SQL syntax; check the manual that corresponds to your MySQL server version for the right syntax to use near 'NUL' at line 3
#0 C:\wamp64\www\instintointimo\system\Database\MySQLi\Connection.php(292): mysqli->query('SELECT *\nFROM `...', 0)
#1 C:\wamp64\www\instintointimo\system\Database\BaseConnection.php(670): CodeIgniter\Database\MySQLi\Connection->execute('SELECT *\nFROM `...')
#2 C:\wamp64\www\instintointimo\system\Database\BaseConnection.php(598): CodeIgniter\Database\BaseConnection->simpleQuery('SELECT *\nFROM `...')
#3 C:\wamp64\www\instintointimo\system\Database\BaseBuilder.php(1455): CodeIgniter\Database\BaseConnection->query('SELECT *\nFROM `...', Array, false)
#4 C:\wamp64\www\instintointimo\system\Model.php(728): CodeIgniter\Database\BaseBuilder->get()
#5 C:\wamp64\www\instintointimo\app\Controllers\Api\Pedidos.php(65): CodeIgniter\Model->__call('get', Array)
#6 C:\wamp64\www\instintointimo\system\CodeIgniter.php(826): App\Controllers\Api\Pedidos->exportaPedidos()
#7 C:\wamp64\www\instintointimo\system\CodeIgniter.php(412): CodeIgniter\CodeIgniter->runController(Object(App\Controllers\Api\Pedidos))
#8 C:\wamp64\www\instintointimo\system\CodeIgniter.php(320): CodeIgniter\CodeIgniter->handleRequest(NULL, Object(Config\Cache), false)
#9 C:\wamp64\www\instintointimo\index.php(38): CodeIgniter\CodeIgniter->run()
#10 {main}
CRITICAL - 2022-04-27 11:13:59 --> Trying to access array offset on value of type null
#0 C:\wamp64\www\instintointimo\system\bootstrap.php(162): CodeIgniter\Debug\Exceptions->errorHandler(8, 'Trying to acces...', 'C:\\wamp64\\www\\i...', 162, Array)
#1 C:\wamp64\www\instintointimo\index.php(29): require('C:\\wamp64\\www\\i...')
#2 {main}
CRITICAL - 2022-04-27 11:13:59 --> Trying to access array offset on value of type null
#0 C:\wamp64\www\instintointimo\system\bootstrap.php(162): CodeIgniter\Debug\Exceptions->errorHandler(8, 'Trying to acces...', 'C:\\wamp64\\www\\i...', 162, Array)
#1 C:\wamp64\www\instintointimo\index.php(29): require('C:\\wamp64\\www\\i...')
#2 {main}
ERROR - 2022-04-27 11:42:27 --> Column 'id' in where clause is ambiguous
CRITICAL - 2022-04-27 11:42:27 --> Column 'id' in where clause is ambiguous
#0 C:\wamp64\www\instintointimo\system\Database\MySQLi\Connection.php(292): mysqli->query('SELECT `cliente...', 0)
#1 C:\wamp64\www\instintointimo\system\Database\BaseConnection.php(670): CodeIgniter\Database\MySQLi\Connection->execute('SELECT `cliente...')
#2 C:\wamp64\www\instintointimo\system\Database\BaseConnection.php(598): CodeIgniter\Database\BaseConnection->simpleQuery('SELECT `cliente...')
#3 C:\wamp64\www\instintointimo\system\Database\BaseBuilder.php(1455): CodeIgniter\Database\BaseConnection->query('SELECT `cliente...', Array, false)
#4 C:\wamp64\www\instintointimo\system\Model.php(210): CodeIgniter\Database\BaseBuilder->get()
#5 C:\wamp64\www\instintointimo\system\BaseModel.php(616): CodeIgniter\Model->doFirst()
#6 C:\wamp64\www\instintointimo\app\Controllers\Api\Pedidos.php(75): CodeIgniter\BaseModel->first()
#7 C:\wamp64\www\instintointimo\system\CodeIgniter.php(826): App\Controllers\Api\Pedidos->exportaPedidos()
#8 C:\wamp64\www\instintointimo\system\CodeIgniter.php(412): CodeIgniter\CodeIgniter->runController(Object(App\Controllers\Api\Pedidos))
#9 C:\wamp64\www\instintointimo\system\CodeIgniter.php(320): CodeIgniter\CodeIgniter->handleRequest(NULL, Object(Config\Cache), false)
#10 C:\wamp64\www\instintointimo\index.php(38): CodeIgniter\CodeIgniter->run()
#11 {main}
CRITICAL - 2022-04-27 12:10:05 --> Call to a member function where() on null
#0 C:\wamp64\www\instintointimo\system\CodeIgniter.php(826): App\Controllers\Api\Pedidos->exportaPedidos()
#1 C:\wamp64\www\instintointimo\system\CodeIgniter.php(412): CodeIgniter\CodeIgniter->runController(Object(App\Controllers\Api\Pedidos))
#2 C:\wamp64\www\instintointimo\system\CodeIgniter.php(320): CodeIgniter\CodeIgniter->handleRequest(NULL, Object(Config\Cache), false)
#3 C:\wamp64\www\instintointimo\index.php(38): CodeIgniter\CodeIgniter->run()
#4 {main}
CRITICAL - 2022-04-27 12:14:03 --> Undefined property: App\Controllers\Api\Pedidos::$valoratributos
#0 C:\wamp64\www\instintointimo\app\Controllers\Api\Pedidos.php(107): CodeIgniter\Debug\Exceptions->errorHandler(8, 'Undefined prope...', 'C:\\wamp64\\www\\i...', 107, Array)
#1 C:\wamp64\www\instintointimo\system\CodeIgniter.php(826): App\Controllers\Api\Pedidos->exportaPedidos()
#2 C:\wamp64\www\instintointimo\system\CodeIgniter.php(412): CodeIgniter\CodeIgniter->runController(Object(App\Controllers\Api\Pedidos))
#3 C:\wamp64\www\instintointimo\system\CodeIgniter.php(320): CodeIgniter\CodeIgniter->handleRequest(NULL, Object(Config\Cache), false)
#4 C:\wamp64\www\instintointimo\index.php(38): CodeIgniter\CodeIgniter->run()
#5 {main}
