ERROR - 2022-03-12 09:41:56 --> Unknown column 'carrinho_id' in 'where clause'
CRITICAL - 2022-03-12 09:41:56 --> Unknown column 'carrinho_id' in 'where clause'
#0 C:\wamp64\www\instintointimo\system\Database\MySQLi\Connection.php(292): mysqli->query('SELECT *\nFROM `...', 0)
#1 C:\wamp64\www\instintointimo\system\Database\BaseConnection.php(670): CodeIgniter\Database\MySQLi\Connection->execute('SELECT *\nFROM `...')
#2 C:\wamp64\www\instintointimo\system\Database\BaseConnection.php(598): CodeIgniter\Database\BaseConnection->simpleQuery('SELECT *\nFROM `...')
#3 C:\wamp64\www\instintointimo\system\Database\BaseBuilder.php(1455): CodeIgniter\Database\BaseConnection->query('SELECT *\nFROM `...', Array, false)
#4 C:\wamp64\www\instintointimo\system\Model.php(728): CodeIgniter\Database\BaseBuilder->get()
#5 C:\wamp64\www\instintointimo\app\Controllers\Front\Carrinho.php(63): CodeIgniter\Model->__call('get', Array)
#6 C:\wamp64\www\instintointimo\system\CodeIgniter.php(826): App\Controllers\Front\Carrinho->addProduto('1', '2')
#7 C:\wamp64\www\instintointimo\system\CodeIgniter.php(412): CodeIgniter\CodeIgniter->runController(Object(App\Controllers\Front\Carrinho))
#8 C:\wamp64\www\instintointimo\system\CodeIgniter.php(320): CodeIgniter\CodeIgniter->handleRequest(NULL, Object(Config\Cache), false)
#9 C:\wamp64\www\instintointimo\index.php(38): CodeIgniter\CodeIgniter->run()
#10 {main}
ERROR - 2022-03-12 09:43:30 --> Unknown column 'carrinho_id' in 'where clause'
CRITICAL - 2022-03-12 09:43:30 --> Unknown column 'carrinho_id' in 'where clause'
#0 C:\wamp64\www\instintointimo\system\Database\MySQLi\Connection.php(292): mysqli->query('SELECT *\nFROM `...', 0)
#1 C:\wamp64\www\instintointimo\system\Database\BaseConnection.php(670): CodeIgniter\Database\MySQLi\Connection->execute('SELECT *\nFROM `...')
#2 C:\wamp64\www\instintointimo\system\Database\BaseConnection.php(598): CodeIgniter\Database\BaseConnection->simpleQuery('SELECT *\nFROM `...')
#3 C:\wamp64\www\instintointimo\system\Database\BaseBuilder.php(1455): CodeIgniter\Database\BaseConnection->query('SELECT *\nFROM `...', Array, false)
#4 C:\wamp64\www\instintointimo\system\Model.php(728): CodeIgniter\Database\BaseBuilder->get()
#5 C:\wamp64\www\instintointimo\app\Controllers\Front\Carrinho.php(63): CodeIgniter\Model->__call('get', Array)
#6 C:\wamp64\www\instintointimo\system\CodeIgniter.php(826): App\Controllers\Front\Carrinho->addProduto('1', '2')
#7 C:\wamp64\www\instintointimo\system\CodeIgniter.php(412): CodeIgniter\CodeIgniter->runController(Object(App\Controllers\Front\Carrinho))
#8 C:\wamp64\www\instintointimo\system\CodeIgniter.php(320): CodeIgniter\CodeIgniter->handleRequest(NULL, Object(Config\Cache), false)
#9 C:\wamp64\www\instintointimo\index.php(38): CodeIgniter\CodeIgniter->run()
#10 {main}
CRITICAL - 2022-03-12 09:44:54 --> Call to undefined method CodeIgniter\Database\MySQLi\Result::getResults()
#0 C:\wamp64\www\instintointimo\system\CodeIgniter.php(826): App\Controllers\Front\Carrinho->addProduto('1', '2')
#1 C:\wamp64\www\instintointimo\system\CodeIgniter.php(412): CodeIgniter\CodeIgniter->runController(Object(App\Controllers\Front\Carrinho))
#2 C:\wamp64\www\instintointimo\system\CodeIgniter.php(320): CodeIgniter\CodeIgniter->handleRequest(NULL, Object(Config\Cache), false)
#3 C:\wamp64\www\instintointimo\index.php(38): CodeIgniter\CodeIgniter->run()
#4 {main}
CRITICAL - 2022-03-12 10:23:03 --> Too few arguments to function App\Controllers\Front\Carrinho::addProduto(), 2 passed in C:\wamp64\www\instintointimo\system\CodeIgniter.php on line 826 and exactly 4 expected
#0 C:\wamp64\www\instintointimo\system\CodeIgniter.php(826): App\Controllers\Front\Carrinho->addProduto('1', '2')
#1 C:\wamp64\www\instintointimo\system\CodeIgniter.php(412): CodeIgniter\CodeIgniter->runController(Object(App\Controllers\Front\Carrinho))
#2 C:\wamp64\www\instintointimo\system\CodeIgniter.php(320): CodeIgniter\CodeIgniter->handleRequest(NULL, Object(Config\Cache), false)
#3 C:\wamp64\www\instintointimo\index.php(38): CodeIgniter\CodeIgniter->run()
#4 {main}
CRITICAL - 2022-03-12 10:24:36 --> Undefined variable: item
#0 C:\wamp64\www\instintointimo\app\Controllers\Front\Carrinho.php(100): CodeIgniter\Debug\Exceptions->errorHandler(8, 'Undefined varia...', 'C:\\wamp64\\www\\i...', 100, Array)
#1 C:\wamp64\www\instintointimo\system\CodeIgniter.php(826): App\Controllers\Front\Carrinho->addProduto('1', '2', '1', '2')
#2 C:\wamp64\www\instintointimo\system\CodeIgniter.php(412): CodeIgniter\CodeIgniter->runController(Object(App\Controllers\Front\Carrinho))
#3 C:\wamp64\www\instintointimo\system\CodeIgniter.php(320): CodeIgniter\CodeIgniter->handleRequest(NULL, Object(Config\Cache), false)
#4 C:\wamp64\www\instintointimo\index.php(38): CodeIgniter\CodeIgniter->run()
#5 {main}
CRITICAL - 2022-03-12 10:25:31 --> There is no data to insert.
#0 C:\wamp64\www\instintointimo\system\BaseModel.php(708): CodeIgniter\Database\Exceptions\DataException::forEmptyDataset('insert')
#1 C:\wamp64\www\instintointimo\system\Model.php(625): CodeIgniter\BaseModel->insert(Array, false)
#2 C:\wamp64\www\instintointimo\system\BaseModel.php(651): CodeIgniter\Model->insert(Array, false)
#3 C:\wamp64\www\instintointimo\app\Controllers\Front\Carrinho.php(108): CodeIgniter\BaseModel->save(Array)
#4 C:\wamp64\www\instintointimo\system\CodeIgniter.php(826): App\Controllers\Front\Carrinho->addProduto('1', '2', '1', '2')
#5 C:\wamp64\www\instintointimo\system\CodeIgniter.php(412): CodeIgniter\CodeIgniter->runController(Object(App\Controllers\Front\Carrinho))
#6 C:\wamp64\www\instintointimo\system\CodeIgniter.php(320): CodeIgniter\CodeIgniter->handleRequest(NULL, Object(Config\Cache), false)
#7 C:\wamp64\www\instintointimo\index.php(38): CodeIgniter\CodeIgniter->run()
#8 {main}
CRITICAL - 2022-03-12 10:29:28 --> There is no data to insert.
#0 C:\wamp64\www\instintointimo\system\BaseModel.php(708): CodeIgniter\Database\Exceptions\DataException::forEmptyDataset('insert')
#1 C:\wamp64\www\instintointimo\system\Model.php(625): CodeIgniter\BaseModel->insert(Array, false)
#2 C:\wamp64\www\instintointimo\system\BaseModel.php(651): CodeIgniter\Model->insert(Array, false)
#3 C:\wamp64\www\instintointimo\app\Controllers\Front\Carrinho.php(108): CodeIgniter\BaseModel->save(Array)
#4 C:\wamp64\www\instintointimo\system\CodeIgniter.php(826): App\Controllers\Front\Carrinho->addProduto('1', '2', '1', '2')
#5 C:\wamp64\www\instintointimo\system\CodeIgniter.php(412): CodeIgniter\CodeIgniter->runController(Object(App\Controllers\Front\Carrinho))
#6 C:\wamp64\www\instintointimo\system\CodeIgniter.php(320): CodeIgniter\CodeIgniter->handleRequest(NULL, Object(Config\Cache), false)
#7 C:\wamp64\www\instintointimo\index.php(38): CodeIgniter\CodeIgniter->run()
#8 {main}
CRITICAL - 2022-03-12 10:29:51 --> There is no data to insert.
#0 C:\wamp64\www\instintointimo\system\BaseModel.php(708): CodeIgniter\Database\Exceptions\DataException::forEmptyDataset('insert')
#1 C:\wamp64\www\instintointimo\system\Model.php(625): CodeIgniter\BaseModel->insert(Array, false)
#2 C:\wamp64\www\instintointimo\system\BaseModel.php(651): CodeIgniter\Model->insert(Array, false)
#3 C:\wamp64\www\instintointimo\app\Controllers\Front\Carrinho.php(108): CodeIgniter\BaseModel->save(Array)
#4 C:\wamp64\www\instintointimo\system\CodeIgniter.php(826): App\Controllers\Front\Carrinho->addProduto('1', '2', '1', '2')
#5 C:\wamp64\www\instintointimo\system\CodeIgniter.php(412): CodeIgniter\CodeIgniter->runController(Object(App\Controllers\Front\Carrinho))
#6 C:\wamp64\www\instintointimo\system\CodeIgniter.php(320): CodeIgniter\CodeIgniter->handleRequest(NULL, Object(Config\Cache), false)
#7 C:\wamp64\www\instintointimo\index.php(38): CodeIgniter\CodeIgniter->run()
#8 {main}
CRITICAL - 2022-03-12 10:47:51 --> Undefined variable: produto
#0 C:\wamp64\www\instintointimo\app\Controllers\Api\Frenet.php(142): CodeIgniter\Debug\Exceptions->errorHandler(8, 'Undefined varia...', 'C:\\wamp64\\www\\i...', 142, Array)
#1 C:\wamp64\www\instintointimo\app\Controllers\Front\Carrinho.php(114): App\Controllers\Api\Frenet->calcFreteCarrinho(Array, '93270020')
#2 C:\wamp64\www\instintointimo\system\CodeIgniter.php(826): App\Controllers\Front\Carrinho->addProduto('1', '2', '1', '2')
#3 C:\wamp64\www\instintointimo\system\CodeIgniter.php(412): CodeIgniter\CodeIgniter->runController(Object(App\Controllers\Front\Carrinho))
#4 C:\wamp64\www\instintointimo\system\CodeIgniter.php(320): CodeIgniter\CodeIgniter->handleRequest(NULL, Object(Config\Cache), false)
#5 C:\wamp64\www\instintointimo\index.php(38): CodeIgniter\CodeIgniter->run()
#6 {main}
CRITICAL - 2022-03-12 10:50:27 --> Undefined index: subtotal
#0 C:\wamp64\www\instintointimo\app\Controllers\Api\Frenet.php(138): CodeIgniter\Debug\Exceptions->errorHandler(8, 'Undefined index...', 'C:\\wamp64\\www\\i...', 138, Array)
#1 C:\wamp64\www\instintointimo\app\Controllers\Front\Carrinho.php(114): App\Controllers\Api\Frenet->calcFreteCarrinho(Array, '93270020', 1)
#2 C:\wamp64\www\instintointimo\system\CodeIgniter.php(826): App\Controllers\Front\Carrinho->addProduto('1', '2', '1', '2')
#3 C:\wamp64\www\instintointimo\system\CodeIgniter.php(412): CodeIgniter\CodeIgniter->runController(Object(App\Controllers\Front\Carrinho))
#4 C:\wamp64\www\instintointimo\system\CodeIgniter.php(320): CodeIgniter\CodeIgniter->handleRequest(NULL, Object(Config\Cache), false)
#5 C:\wamp64\www\instintointimo\index.php(38): CodeIgniter\CodeIgniter->run()
#6 {main}
CRITICAL - 2022-03-12 10:51:43 --> Array to string conversion
#0 [internal function]: CodeIgniter\Debug\Exceptions->errorHandler(8, 'Array to string...', 'C:\\wamp64\\www\\i...', 156, Array)
#1 C:\wamp64\www\instintointimo\app\Controllers\Api\Frenet.php(156): curl_setopt(Resource id #13, 10015, Array)
#2 C:\wamp64\www\instintointimo\app\Controllers\Front\Carrinho.php(114): App\Controllers\Api\Frenet->calcFreteCarrinho(Array, '93270020', 1)
#3 C:\wamp64\www\instintointimo\system\CodeIgniter.php(826): App\Controllers\Front\Carrinho->addProduto('1', '2', '1', '2')
#4 C:\wamp64\www\instintointimo\system\CodeIgniter.php(412): CodeIgniter\CodeIgniter->runController(Object(App\Controllers\Front\Carrinho))
#5 C:\wamp64\www\instintointimo\system\CodeIgniter.php(320): CodeIgniter\CodeIgniter->handleRequest(NULL, Object(Config\Cache), false)
#6 C:\wamp64\www\instintointimo\index.php(38): CodeIgniter\CodeIgniter->run()
#7 {main}
CRITICAL - 2022-03-12 10:52:09 --> Undefined index: frenet_token
#0 C:\wamp64\www\instintointimo\app\Controllers\Api\Frenet.php(159): CodeIgniter\Debug\Exceptions->errorHandler(8, 'Undefined index...', 'C:\\wamp64\\www\\i...', 159, Array)
#1 C:\wamp64\www\instintointimo\app\Controllers\Front\Carrinho.php(114): App\Controllers\Api\Frenet->calcFreteCarrinho(Array, '93270020', 1)
#2 C:\wamp64\www\instintointimo\system\CodeIgniter.php(826): App\Controllers\Front\Carrinho->addProduto('1', '2', '1', '2')
#3 C:\wamp64\www\instintointimo\system\CodeIgniter.php(412): CodeIgniter\CodeIgniter->runController(Object(App\Controllers\Front\Carrinho))
#4 C:\wamp64\www\instintointimo\system\CodeIgniter.php(320): CodeIgniter\CodeIgniter->handleRequest(NULL, Object(Config\Cache), false)
#5 C:\wamp64\www\instintointimo\index.php(38): CodeIgniter\CodeIgniter->run()
#6 {main}
CRITICAL - 2022-03-12 11:01:02 --> Trying to access array offset on value of type null
#0 C:\wamp64\www\instintointimo\app\Controllers\Front\Produto.php(67): CodeIgniter\Debug\Exceptions->errorHandler(8, 'Trying to acces...', 'C:\\wamp64\\www\\i...', 67, Array)
#1 C:\wamp64\www\instintointimo\system\CodeIgniter.php(826): App\Controllers\Front\Produto->index('top', 'icon', 'favicon.png')
#2 C:\wamp64\www\instintointimo\system\CodeIgniter.php(412): CodeIgniter\CodeIgniter->runController(Object(App\Controllers\Front\Produto))
#3 C:\wamp64\www\instintointimo\system\CodeIgniter.php(320): CodeIgniter\CodeIgniter->handleRequest(NULL, Object(Config\Cache), false)
#4 C:\wamp64\www\instintointimo\index.php(38): CodeIgniter\CodeIgniter->run()
#5 {main}
CRITICAL - 2022-03-12 11:10:41 --> Too few arguments to function App\Controllers\Api\Frenet::calcFreteCarrinho(), 3 passed in C:\wamp64\www\instintointimo\app\Controllers\Front\Carrinho.php on line 114 and exactly 4 expected
#0 C:\wamp64\www\instintointimo\app\Controllers\Front\Carrinho.php(114): App\Controllers\Api\Frenet->calcFreteCarrinho(Array, '93270020', 1)
#1 C:\wamp64\www\instintointimo\system\CodeIgniter.php(826): App\Controllers\Front\Carrinho->addProduto('2', '2', '8', '2')
#2 C:\wamp64\www\instintointimo\system\CodeIgniter.php(412): CodeIgniter\CodeIgniter->runController(Object(App\Controllers\Front\Carrinho))
#3 C:\wamp64\www\instintointimo\system\CodeIgniter.php(320): CodeIgniter\CodeIgniter->handleRequest(NULL, Object(Config\Cache), false)
#4 C:\wamp64\www\instintointimo\index.php(38): CodeIgniter\CodeIgniter->run()
#5 {main}
CRITICAL - 2022-03-12 11:12:42 --> Cannot use [] for reading
#0 [internal function]: CodeIgniter\Debug\Exceptions->shutdownHandler()
#1 {main}
CRITICAL - 2022-03-12 11:35:39 --> Undefined index: cep
#0 C:\wamp64\www\instintointimo\app\Controllers\Front\Carrinho.php(71): CodeIgniter\Debug\Exceptions->errorHandler(8, 'Undefined index...', 'C:\\wamp64\\www\\i...', 71, Array)
#1 C:\wamp64\www\instintointimo\system\CodeIgniter.php(826): App\Controllers\Front\Carrinho->addProduto('2', '2', '8', '2')
#2 C:\wamp64\www\instintointimo\system\CodeIgniter.php(412): CodeIgniter\CodeIgniter->runController(Object(App\Controllers\Front\Carrinho))
#3 C:\wamp64\www\instintointimo\system\CodeIgniter.php(320): CodeIgniter\CodeIgniter->handleRequest(NULL, Object(Config\Cache), false)
#4 C:\wamp64\www\instintointimo\index.php(38): CodeIgniter\CodeIgniter->run()
#5 {main}
CRITICAL - 2022-03-12 11:37:31 --> Invalid argument supplied for foreach()
#0 C:\wamp64\www\instintointimo\app\Controllers\Api\Frenet.php(159): CodeIgniter\Debug\Exceptions->errorHandler(2, 'Invalid argumen...', 'C:\\wamp64\\www\\i...', 159, Array)
#1 C:\wamp64\www\instintointimo\app\Controllers\Front\Carrinho.php(130): App\Controllers\Api\Frenet->calcFreteCarrinho(Array, '93270020', 1, 'Sedex')
#2 C:\wamp64\www\instintointimo\system\CodeIgniter.php(826): App\Controllers\Front\Carrinho->addProduto('2', '2', '8', '2')
#3 C:\wamp64\www\instintointimo\system\CodeIgniter.php(412): CodeIgniter\CodeIgniter->runController(Object(App\Controllers\Front\Carrinho))
#4 C:\wamp64\www\instintointimo\system\CodeIgniter.php(320): CodeIgniter\CodeIgniter->handleRequest(NULL, Object(Config\Cache), false)
#5 C:\wamp64\www\instintointimo\index.php(38): CodeIgniter\CodeIgniter->run()
#6 {main}
CRITICAL - 2022-03-12 11:38:19 --> Undefined index: ServiceDescription
#0 C:\wamp64\www\instintointimo\app\Controllers\Api\Frenet.php(161): CodeIgniter\Debug\Exceptions->errorHandler(8, 'Undefined index...', 'C:\\wamp64\\www\\i...', 161, Array)
#1 C:\wamp64\www\instintointimo\app\Controllers\Front\Carrinho.php(130): App\Controllers\Api\Frenet->calcFreteCarrinho(Array, '93270020', 1, 'Sedex')
#2 C:\wamp64\www\instintointimo\system\CodeIgniter.php(826): App\Controllers\Front\Carrinho->addProduto('2', '2', '8', '2')
#3 C:\wamp64\www\instintointimo\system\CodeIgniter.php(412): CodeIgniter\CodeIgniter->runController(Object(App\Controllers\Front\Carrinho))
#4 C:\wamp64\www\instintointimo\system\CodeIgniter.php(320): CodeIgniter\CodeIgniter->handleRequest(NULL, Object(Config\Cache), false)
#5 C:\wamp64\www\instintointimo\index.php(38): CodeIgniter\CodeIgniter->run()
#6 {main}
CRITICAL - 2022-03-12 11:48:19 --> Undefined index: ServiceDescription
#0 C:\wamp64\www\instintointimo\app\Controllers\Api\Frenet.php(160): CodeIgniter\Debug\Exceptions->errorHandler(8, 'Undefined index...', 'C:\\wamp64\\www\\i...', 160, Array)
#1 C:\wamp64\www\instintointimo\app\Controllers\Front\Carrinho.php(133): App\Controllers\Api\Frenet->calcFreteCarrinho(Array, '93270020', 1, 'Sedex')
#2 C:\wamp64\www\instintointimo\system\CodeIgniter.php(826): App\Controllers\Front\Carrinho->addProduto('1', '2', '1', '2')
#3 C:\wamp64\www\instintointimo\system\CodeIgniter.php(412): CodeIgniter\CodeIgniter->runController(Object(App\Controllers\Front\Carrinho))
#4 C:\wamp64\www\instintointimo\system\CodeIgniter.php(320): CodeIgniter\CodeIgniter->handleRequest(NULL, Object(Config\Cache), false)
#5 C:\wamp64\www\instintointimo\index.php(38): CodeIgniter\CodeIgniter->run()
#6 {main}
CRITICAL - 2022-03-12 11:49:25 --> syntax error, unexpected '$frete' (T_VARIABLE)
#0 C:\wamp64\www\instintointimo\system\Autoloader\Autoloader.php(241): CodeIgniter\Autoloader\Autoloader->includeFile('C:\\wamp64\\www\\i...')
#1 C:\wamp64\www\instintointimo\system\Autoloader\Autoloader.php(219): CodeIgniter\Autoloader\Autoloader->loadInNamespace('App\\Controllers...')
#2 [internal function]: CodeIgniter\Autoloader\Autoloader->loadClass('App\\Controllers...')
#3 C:\wamp64\www\instintointimo\app\Controllers\Front\Carrinho.php(35): spl_autoload_call('App\\Controllers...')
#4 C:\wamp64\www\instintointimo\system\CodeIgniter.php(803): App\Controllers\Front\Carrinho->__construct()
#5 C:\wamp64\www\instintointimo\system\CodeIgniter.php(403): CodeIgniter\CodeIgniter->createController()
#6 C:\wamp64\www\instintointimo\system\CodeIgniter.php(320): CodeIgniter\CodeIgniter->handleRequest(NULL, Object(Config\Cache), false)
#7 C:\wamp64\www\instintointimo\index.php(38): CodeIgniter\CodeIgniter->run()
#8 {main}
CRITICAL - 2022-03-12 11:49:33 --> Undefined index: error
#0 C:\wamp64\www\instintointimo\app\Controllers\Api\Frenet.php(160): CodeIgniter\Debug\Exceptions->errorHandler(8, 'Undefined index...', 'C:\\wamp64\\www\\i...', 160, Array)
#1 C:\wamp64\www\instintointimo\app\Controllers\Front\Carrinho.php(133): App\Controllers\Api\Frenet->calcFreteCarrinho(Array, '93270020', 1, 'Sedex')
#2 C:\wamp64\www\instintointimo\system\CodeIgniter.php(826): App\Controllers\Front\Carrinho->addProduto('1', '2', '1', '2')
#3 C:\wamp64\www\instintointimo\system\CodeIgniter.php(412): CodeIgniter\CodeIgniter->runController(Object(App\Controllers\Front\Carrinho))
#4 C:\wamp64\www\instintointimo\system\CodeIgniter.php(320): CodeIgniter\CodeIgniter->handleRequest(NULL, Object(Config\Cache), false)
#5 C:\wamp64\www\instintointimo\index.php(38): CodeIgniter\CodeIgniter->run()
#6 {main}
CRITICAL - 2022-03-12 11:49:40 --> Undefined index: erro
#0 C:\wamp64\www\instintointimo\app\Controllers\Api\Frenet.php(160): CodeIgniter\Debug\Exceptions->errorHandler(8, 'Undefined index...', 'C:\\wamp64\\www\\i...', 160, Array)
#1 C:\wamp64\www\instintointimo\app\Controllers\Front\Carrinho.php(133): App\Controllers\Api\Frenet->calcFreteCarrinho(Array, '93270020', 1, 'Sedex')
#2 C:\wamp64\www\instintointimo\system\CodeIgniter.php(826): App\Controllers\Front\Carrinho->addProduto('1', '2', '1', '2')
#3 C:\wamp64\www\instintointimo\system\CodeIgniter.php(412): CodeIgniter\CodeIgniter->runController(Object(App\Controllers\Front\Carrinho))
#4 C:\wamp64\www\instintointimo\system\CodeIgniter.php(320): CodeIgniter\CodeIgniter->handleRequest(NULL, Object(Config\Cache), false)
#5 C:\wamp64\www\instintointimo\index.php(38): CodeIgniter\CodeIgniter->run()
#6 {main}
CRITICAL - 2022-03-12 11:51:08 --> Undefined index: Error
#0 C:\wamp64\www\instintointimo\app\Controllers\Api\Frenet.php(160): CodeIgniter\Debug\Exceptions->errorHandler(8, 'Undefined index...', 'C:\\wamp64\\www\\i...', 160, Array)
#1 C:\wamp64\www\instintointimo\app\Controllers\Front\Carrinho.php(133): App\Controllers\Api\Frenet->calcFreteCarrinho(Array, '93270020', 1, 'Sedex')
#2 C:\wamp64\www\instintointimo\system\CodeIgniter.php(826): App\Controllers\Front\Carrinho->addProduto('1', '2', '1', '2')
#3 C:\wamp64\www\instintointimo\system\CodeIgniter.php(412): CodeIgniter\CodeIgniter->runController(Object(App\Controllers\Front\Carrinho))
#4 C:\wamp64\www\instintointimo\system\CodeIgniter.php(320): CodeIgniter\CodeIgniter->handleRequest(NULL, Object(Config\Cache), false)
#5 C:\wamp64\www\instintointimo\index.php(38): CodeIgniter\CodeIgniter->run()
#6 {main}
CRITICAL - 2022-03-12 14:27:26 --> Trying to access array offset on value of type null
#0 C:\wamp64\www\instintointimo\app\Controllers\Front\Produto.php(67): CodeIgniter\Debug\Exceptions->errorHandler(8, 'Trying to acces...', 'C:\\wamp64\\www\\i...', 67, Array)
#1 C:\wamp64\www\instintointimo\system\CodeIgniter.php(826): App\Controllers\Front\Produto->index('top', 'icon', 'favicon.png')
#2 C:\wamp64\www\instintointimo\system\CodeIgniter.php(412): CodeIgniter\CodeIgniter->runController(Object(App\Controllers\Front\Produto))
#3 C:\wamp64\www\instintointimo\system\CodeIgniter.php(320): CodeIgniter\CodeIgniter->handleRequest(NULL, Object(Config\Cache), false)
#4 C:\wamp64\www\instintointimo\index.php(38): CodeIgniter\CodeIgniter->run()
#5 {main}
CRITICAL - 2022-03-12 14:27:36 --> Trying to access array offset on value of type null
#0 C:\wamp64\www\instintointimo\app\Controllers\Front\Produto.php(67): CodeIgniter\Debug\Exceptions->errorHandler(8, 'Trying to acces...', 'C:\\wamp64\\www\\i...', 67, Array)
#1 C:\wamp64\www\instintointimo\system\CodeIgniter.php(826): App\Controllers\Front\Produto->index('legging', 'icon', 'favicon.png')
#2 C:\wamp64\www\instintointimo\system\CodeIgniter.php(412): CodeIgniter\CodeIgniter->runController(Object(App\Controllers\Front\Produto))
#3 C:\wamp64\www\instintointimo\system\CodeIgniter.php(320): CodeIgniter\CodeIgniter->handleRequest(NULL, Object(Config\Cache), false)
#4 C:\wamp64\www\instintointimo\index.php(38): CodeIgniter\CodeIgniter->run()
#5 {main}
CRITICAL - 2022-03-12 14:46:34 --> Argument 2 passed to write_file() must be of the type string, null given, called in C:\wamp64\www\instintointimo\app\Controllers\Api\Produtos.php on line 61
#0 C:\wamp64\www\instintointimo\app\Controllers\Api\Produtos.php(61): write_file('public/upload/p...', NULL)
#1 C:\wamp64\www\instintointimo\system\CodeIgniter.php(826): App\Controllers\Api\Produtos->categorias()
#2 C:\wamp64\www\instintointimo\system\CodeIgniter.php(412): CodeIgniter\CodeIgniter->runController(Object(App\Controllers\Api\Produtos))
#3 C:\wamp64\www\instintointimo\system\CodeIgniter.php(320): CodeIgniter\CodeIgniter->handleRequest(NULL, Object(Config\Cache), false)
#4 C:\wamp64\www\instintointimo\index.php(38): CodeIgniter\CodeIgniter->run()
#5 {main}
CRITICAL - 2022-03-12 14:47:40 --> Argument 2 passed to write_file() must be of the type string, array given, called in C:\wamp64\www\instintointimo\app\Controllers\Api\Produtos.php on line 61
#0 C:\wamp64\www\instintointimo\app\Controllers\Api\Produtos.php(61): write_file('public/upload/p...', Array)
#1 C:\wamp64\www\instintointimo\system\CodeIgniter.php(826): App\Controllers\Api\Produtos->categorias()
#2 C:\wamp64\www\instintointimo\system\CodeIgniter.php(412): CodeIgniter\CodeIgniter->runController(Object(App\Controllers\Api\Produtos))
#3 C:\wamp64\www\instintointimo\system\CodeIgniter.php(320): CodeIgniter\CodeIgniter->handleRequest(NULL, Object(Config\Cache), false)
#4 C:\wamp64\www\instintointimo\index.php(38): CodeIgniter\CodeIgniter->run()
#5 {main}
CRITICAL - 2022-03-12 15:44:38 --> Trying to access array offset on value of type null
#0 C:\wamp64\www\instintointimo\app\Controllers\Front\Carrinho.php(109): CodeIgniter\Debug\Exceptions->errorHandler(8, 'Trying to acces...', 'C:\\wamp64\\www\\i...', 109, Array)
#1 C:\wamp64\www\instintointimo\system\CodeIgniter.php(826): App\Controllers\Front\Carrinho->addProduto()
#2 C:\wamp64\www\instintointimo\system\CodeIgniter.php(412): CodeIgniter\CodeIgniter->runController(Object(App\Controllers\Front\Carrinho))
#3 C:\wamp64\www\instintointimo\system\CodeIgniter.php(320): CodeIgniter\CodeIgniter->handleRequest(NULL, Object(Config\Cache), false)
#4 C:\wamp64\www\instintointimo\index.php(38): CodeIgniter\CodeIgniter->run()
#5 {main}
CRITICAL - 2022-03-12 15:48:23 --> Trying to access array offset on value of type null
#0 C:\wamp64\www\instintointimo\app\Controllers\Front\Carrinho.php(110): CodeIgniter\Debug\Exceptions->errorHandler(8, 'Trying to acces...', 'C:\\wamp64\\www\\i...', 110, Array)
#1 C:\wamp64\www\instintointimo\system\CodeIgniter.php(826): App\Controllers\Front\Carrinho->addProduto()
#2 C:\wamp64\www\instintointimo\system\CodeIgniter.php(412): CodeIgniter\CodeIgniter->runController(Object(App\Controllers\Front\Carrinho))
#3 C:\wamp64\www\instintointimo\system\CodeIgniter.php(320): CodeIgniter\CodeIgniter->handleRequest(NULL, Object(Config\Cache), false)
#4 C:\wamp64\www\instintointimo\index.php(38): CodeIgniter\CodeIgniter->run()
#5 {main}
CRITICAL - 2022-03-12 15:50:46 --> Trying to access array offset on value of type null
#0 C:\wamp64\www\instintointimo\app\Controllers\Front\Produto.php(67): CodeIgniter\Debug\Exceptions->errorHandler(8, 'Trying to acces...', 'C:\\wamp64\\www\\i...', 67, Array)
#1 C:\wamp64\www\instintointimo\system\CodeIgniter.php(826): App\Controllers\Front\Produto->index('blusas-e-casaco...', 'icon', 'favicon.png')
#2 C:\wamp64\www\instintointimo\system\CodeIgniter.php(412): CodeIgniter\CodeIgniter->runController(Object(App\Controllers\Front\Produto))
#3 C:\wamp64\www\instintointimo\system\CodeIgniter.php(320): CodeIgniter\CodeIgniter->handleRequest(NULL, Object(Config\Cache), false)
#4 C:\wamp64\www\instintointimo\index.php(38): CodeIgniter\CodeIgniter->run()
#5 {main}
CRITICAL - 2022-03-12 16:02:46 --> Trying to access array offset on value of type null
#0 C:\wamp64\www\instintointimo\app\Controllers\Front\Produto.php(67): CodeIgniter\Debug\Exceptions->errorHandler(8, 'Trying to acces...', 'C:\\wamp64\\www\\i...', 67, Array)
#1 C:\wamp64\www\instintointimo\system\CodeIgniter.php(826): App\Controllers\Front\Produto->index('short', 'icon', 'favicon.png')
#2 C:\wamp64\www\instintointimo\system\CodeIgniter.php(412): CodeIgniter\CodeIgniter->runController(Object(App\Controllers\Front\Produto))
#3 C:\wamp64\www\instintointimo\system\CodeIgniter.php(320): CodeIgniter\CodeIgniter->handleRequest(NULL, Object(Config\Cache), false)
#4 C:\wamp64\www\instintointimo\index.php(38): CodeIgniter\CodeIgniter->run()
#5 {main}
ERROR - 2022-03-12 16:03:47 --> Cannot add or update a child row: a foreign key constraint fails (`instintointimo`.`carrinho_itens`, CONSTRAINT `FK_carrinho_itens_cor` FOREIGN KEY (`cor_atributo_id`) REFERENCES `produtos_valor_atributos` (`id`) ON DELETE NO ACTION ON UPDATE NO ACTION)
CRITICAL - 2022-03-12 16:03:47 --> Cannot add or update a child row: a foreign key constraint fails (`instintointimo`.`carrinho_itens`, CONSTRAINT `FK_carrinho_itens_cor` FOREIGN KEY (`cor_atributo_id`) REFERENCES `produtos_valor_atributos` (`id`) ON DELETE NO ACTION ON UPDATE NO ACTION)
#0 C:\wamp64\www\instintointimo\system\Database\MySQLi\Connection.php(292): mysqli->query('INSERT INTO `ca...', 0)
#1 C:\wamp64\www\instintointimo\system\Database\BaseConnection.php(670): CodeIgniter\Database\MySQLi\Connection->execute('INSERT INTO `ca...')
#2 C:\wamp64\www\instintointimo\system\Database\BaseConnection.php(598): CodeIgniter\Database\BaseConnection->simpleQuery('INSERT INTO `ca...')
#3 C:\wamp64\www\instintointimo\system\Database\BaseBuilder.php(1771): CodeIgniter\Database\BaseConnection->query('INSERT INTO `ca...', Array, false)
#4 C:\wamp64\www\instintointimo\system\Model.php(239): CodeIgniter\Database\BaseBuilder->insert()
#5 C:\wamp64\www\instintointimo\system\BaseModel.php(728): CodeIgniter\Model->doInsert(Array)
#6 C:\wamp64\www\instintointimo\system\Model.php(625): CodeIgniter\BaseModel->insert(Array, false)
#7 C:\wamp64\www\instintointimo\system\BaseModel.php(651): CodeIgniter\Model->insert(Array, false)
#8 C:\wamp64\www\instintointimo\app\Models\Front\CarrinhoItensModel.php(23): CodeIgniter\BaseModel->save(Array)
#9 C:\wamp64\www\instintointimo\app\Controllers\Front\Carrinho.php(127): App\Models\Front\CarrinhoItensModel->saves(Array)
#10 C:\wamp64\www\instintointimo\system\CodeIgniter.php(826): App\Controllers\Front\Carrinho->addProduto()
#11 C:\wamp64\www\instintointimo\system\CodeIgniter.php(412): CodeIgniter\CodeIgniter->runController(Object(App\Controllers\Front\Carrinho))
#12 C:\wamp64\www\instintointimo\system\CodeIgniter.php(320): CodeIgniter\CodeIgniter->handleRequest(NULL, Object(Config\Cache), false)
#13 C:\wamp64\www\instintointimo\index.php(38): CodeIgniter\CodeIgniter->run()
#14 {main}
ERROR - 2022-03-12 16:03:47 --> Cannot add or update a child row: a foreign key constraint fails (`instintointimo`.`carrinho_itens`, CONSTRAINT `FK_carrinho_itens_cor` FOREIGN KEY (`cor_atributo_id`) REFERENCES `produtos_valor_atributos` (`id`) ON DELETE NO ACTION ON UPDATE NO ACTION)
CRITICAL - 2022-03-12 16:03:47 --> Cannot add or update a child row: a foreign key constraint fails (`instintointimo`.`carrinho_itens`, CONSTRAINT `FK_carrinho_itens_cor` FOREIGN KEY (`cor_atributo_id`) REFERENCES `produtos_valor_atributos` (`id`) ON DELETE NO ACTION ON UPDATE NO ACTION)
#0 C:\wamp64\www\instintointimo\system\Database\MySQLi\Connection.php(292): mysqli->query('INSERT INTO `ca...', 0)
#1 C:\wamp64\www\instintointimo\system\Database\BaseConnection.php(670): CodeIgniter\Database\MySQLi\Connection->execute('INSERT INTO `ca...')
#2 C:\wamp64\www\instintointimo\system\Database\BaseConnection.php(598): CodeIgniter\Database\BaseConnection->simpleQuery('INSERT INTO `ca...')
#3 C:\wamp64\www\instintointimo\system\Database\BaseBuilder.php(1771): CodeIgniter\Database\BaseConnection->query('INSERT INTO `ca...', Array, false)
#4 C:\wamp64\www\instintointimo\system\Model.php(239): CodeIgniter\Database\BaseBuilder->insert()
#5 C:\wamp64\www\instintointimo\system\BaseModel.php(728): CodeIgniter\Model->doInsert(Array)
#6 C:\wamp64\www\instintointimo\system\Model.php(625): CodeIgniter\BaseModel->insert(Array, false)
#7 C:\wamp64\www\instintointimo\system\BaseModel.php(651): CodeIgniter\Model->insert(Array, false)
#8 C:\wamp64\www\instintointimo\app\Models\Front\CarrinhoItensModel.php(23): CodeIgniter\BaseModel->save(Array)
#9 C:\wamp64\www\instintointimo\app\Controllers\Front\Carrinho.php(127): App\Models\Front\CarrinhoItensModel->saves(Array)
#10 C:\wamp64\www\instintointimo\system\CodeIgniter.php(826): App\Controllers\Front\Carrinho->addProduto()
#11 C:\wamp64\www\instintointimo\system\CodeIgniter.php(412): CodeIgniter\CodeIgniter->runController(Object(App\Controllers\Front\Carrinho))
#12 C:\wamp64\www\instintointimo\system\CodeIgniter.php(320): CodeIgniter\CodeIgniter->handleRequest(NULL, Object(Config\Cache), false)
#13 C:\wamp64\www\instintointimo\index.php(38): CodeIgniter\CodeIgniter->run()
#14 {main}
ERROR - 2022-03-12 16:03:47 --> Cannot add or update a child row: a foreign key constraint fails (`instintointimo`.`carrinho_itens`, CONSTRAINT `FK_carrinho_itens_cor` FOREIGN KEY (`cor_atributo_id`) REFERENCES `produtos_valor_atributos` (`id`) ON DELETE NO ACTION ON UPDATE NO ACTION)
CRITICAL - 2022-03-12 16:03:47 --> Cannot add or update a child row: a foreign key constraint fails (`instintointimo`.`carrinho_itens`, CONSTRAINT `FK_carrinho_itens_cor` FOREIGN KEY (`cor_atributo_id`) REFERENCES `produtos_valor_atributos` (`id`) ON DELETE NO ACTION ON UPDATE NO ACTION)
#0 C:\wamp64\www\instintointimo\system\Database\MySQLi\Connection.php(292): mysqli->query('INSERT INTO `ca...', 0)
#1 C:\wamp64\www\instintointimo\system\Database\BaseConnection.php(670): CodeIgniter\Database\MySQLi\Connection->execute('INSERT INTO `ca...')
#2 C:\wamp64\www\instintointimo\system\Database\BaseConnection.php(598): CodeIgniter\Database\BaseConnection->simpleQuery('INSERT INTO `ca...')
#3 C:\wamp64\www\instintointimo\system\Database\BaseBuilder.php(1771): CodeIgniter\Database\BaseConnection->query('INSERT INTO `ca...', Array, false)
#4 C:\wamp64\www\instintointimo\system\Model.php(239): CodeIgniter\Database\BaseBuilder->insert()
#5 C:\wamp64\www\instintointimo\system\BaseModel.php(728): CodeIgniter\Model->doInsert(Array)
#6 C:\wamp64\www\instintointimo\system\Model.php(625): CodeIgniter\BaseModel->insert(Array, false)
#7 C:\wamp64\www\instintointimo\system\BaseModel.php(651): CodeIgniter\Model->insert(Array, false)
#8 C:\wamp64\www\instintointimo\app\Models\Front\CarrinhoItensModel.php(23): CodeIgniter\BaseModel->save(Array)
#9 C:\wamp64\www\instintointimo\app\Controllers\Front\Carrinho.php(127): App\Models\Front\CarrinhoItensModel->saves(Array)
#10 C:\wamp64\www\instintointimo\system\CodeIgniter.php(826): App\Controllers\Front\Carrinho->addProduto()
#11 C:\wamp64\www\instintointimo\system\CodeIgniter.php(412): CodeIgniter\CodeIgniter->runController(Object(App\Controllers\Front\Carrinho))
#12 C:\wamp64\www\instintointimo\system\CodeIgniter.php(320): CodeIgniter\CodeIgniter->handleRequest(NULL, Object(Config\Cache), false)
#13 C:\wamp64\www\instintointimo\index.php(38): CodeIgniter\CodeIgniter->run()
#14 {main}
ERROR - 2022-03-12 16:03:47 --> Cannot add or update a child row: a foreign key constraint fails (`instintointimo`.`carrinho_itens`, CONSTRAINT `FK_carrinho_itens_cor` FOREIGN KEY (`cor_atributo_id`) REFERENCES `produtos_valor_atributos` (`id`) ON DELETE NO ACTION ON UPDATE NO ACTION)
CRITICAL - 2022-03-12 16:03:47 --> Cannot add or update a child row: a foreign key constraint fails (`instintointimo`.`carrinho_itens`, CONSTRAINT `FK_carrinho_itens_cor` FOREIGN KEY (`cor_atributo_id`) REFERENCES `produtos_valor_atributos` (`id`) ON DELETE NO ACTION ON UPDATE NO ACTION)
#0 C:\wamp64\www\instintointimo\system\Database\MySQLi\Connection.php(292): mysqli->query('INSERT INTO `ca...', 0)
#1 C:\wamp64\www\instintointimo\system\Database\BaseConnection.php(670): CodeIgniter\Database\MySQLi\Connection->execute('INSERT INTO `ca...')
#2 C:\wamp64\www\instintointimo\system\Database\BaseConnection.php(598): CodeIgniter\Database\BaseConnection->simpleQuery('INSERT INTO `ca...')
#3 C:\wamp64\www\instintointimo\system\Database\BaseBuilder.php(1771): CodeIgniter\Database\BaseConnection->query('INSERT INTO `ca...', Array, false)
#4 C:\wamp64\www\instintointimo\system\Model.php(239): CodeIgniter\Database\BaseBuilder->insert()
#5 C:\wamp64\www\instintointimo\system\BaseModel.php(728): CodeIgniter\Model->doInsert(Array)
#6 C:\wamp64\www\instintointimo\system\Model.php(625): CodeIgniter\BaseModel->insert(Array, false)
#7 C:\wamp64\www\instintointimo\system\BaseModel.php(651): CodeIgniter\Model->insert(Array, false)
#8 C:\wamp64\www\instintointimo\app\Models\Front\CarrinhoItensModel.php(23): CodeIgniter\BaseModel->save(Array)
#9 C:\wamp64\www\instintointimo\app\Controllers\Front\Carrinho.php(127): App\Models\Front\CarrinhoItensModel->saves(Array)
#10 C:\wamp64\www\instintointimo\system\CodeIgniter.php(826): App\Controllers\Front\Carrinho->addProduto()
#11 C:\wamp64\www\instintointimo\system\CodeIgniter.php(412): CodeIgniter\CodeIgniter->runController(Object(App\Controllers\Front\Carrinho))
#12 C:\wamp64\www\instintointimo\system\CodeIgniter.php(320): CodeIgniter\CodeIgniter->handleRequest(NULL, Object(Config\Cache), false)
#13 C:\wamp64\www\instintointimo\index.php(38): CodeIgniter\CodeIgniter->run()
#14 {main}
ERROR - 2022-03-12 16:03:47 --> Cannot add or update a child row: a foreign key constraint fails (`instintointimo`.`carrinho_itens`, CONSTRAINT `FK_carrinho_itens_cor` FOREIGN KEY (`cor_atributo_id`) REFERENCES `produtos_valor_atributos` (`id`) ON DELETE NO ACTION ON UPDATE NO ACTION)
CRITICAL - 2022-03-12 16:03:47 --> Cannot add or update a child row: a foreign key constraint fails (`instintointimo`.`carrinho_itens`, CONSTRAINT `FK_carrinho_itens_cor` FOREIGN KEY (`cor_atributo_id`) REFERENCES `produtos_valor_atributos` (`id`) ON DELETE NO ACTION ON UPDATE NO ACTION)
#0 C:\wamp64\www\instintointimo\system\Database\MySQLi\Connection.php(292): mysqli->query('INSERT INTO `ca...', 0)
#1 C:\wamp64\www\instintointimo\system\Database\BaseConnection.php(670): CodeIgniter\Database\MySQLi\Connection->execute('INSERT INTO `ca...')
#2 C:\wamp64\www\instintointimo\system\Database\BaseConnection.php(598): CodeIgniter\Database\BaseConnection->simpleQuery('INSERT INTO `ca...')
#3 C:\wamp64\www\instintointimo\system\Database\BaseBuilder.php(1771): CodeIgniter\Database\BaseConnection->query('INSERT INTO `ca...', Array, false)
#4 C:\wamp64\www\instintointimo\system\Model.php(239): CodeIgniter\Database\BaseBuilder->insert()
#5 C:\wamp64\www\instintointimo\system\BaseModel.php(728): CodeIgniter\Model->doInsert(Array)
#6 C:\wamp64\www\instintointimo\system\Model.php(625): CodeIgniter\BaseModel->insert(Array, false)
#7 C:\wamp64\www\instintointimo\system\BaseModel.php(651): CodeIgniter\Model->insert(Array, false)
#8 C:\wamp64\www\instintointimo\app\Models\Front\CarrinhoItensModel.php(23): CodeIgniter\BaseModel->save(Array)
#9 C:\wamp64\www\instintointimo\app\Controllers\Front\Carrinho.php(127): App\Models\Front\CarrinhoItensModel->saves(Array)
#10 C:\wamp64\www\instintointimo\system\CodeIgniter.php(826): App\Controllers\Front\Carrinho->addProduto()
#11 C:\wamp64\www\instintointimo\system\CodeIgniter.php(412): CodeIgniter\CodeIgniter->runController(Object(App\Controllers\Front\Carrinho))
#12 C:\wamp64\www\instintointimo\system\CodeIgniter.php(320): CodeIgniter\CodeIgniter->handleRequest(NULL, Object(Config\Cache), false)
#13 C:\wamp64\www\instintointimo\index.php(38): CodeIgniter\CodeIgniter->run()
#14 {main}
ERROR - 2022-03-12 16:03:48 --> Cannot add or update a child row: a foreign key constraint fails (`instintointimo`.`carrinho_itens`, CONSTRAINT `FK_carrinho_itens_cor` FOREIGN KEY (`cor_atributo_id`) REFERENCES `produtos_valor_atributos` (`id`) ON DELETE NO ACTION ON UPDATE NO ACTION)
CRITICAL - 2022-03-12 16:03:48 --> Cannot add or update a child row: a foreign key constraint fails (`instintointimo`.`carrinho_itens`, CONSTRAINT `FK_carrinho_itens_cor` FOREIGN KEY (`cor_atributo_id`) REFERENCES `produtos_valor_atributos` (`id`) ON DELETE NO ACTION ON UPDATE NO ACTION)
#0 C:\wamp64\www\instintointimo\system\Database\MySQLi\Connection.php(292): mysqli->query('INSERT INTO `ca...', 0)
#1 C:\wamp64\www\instintointimo\system\Database\BaseConnection.php(670): CodeIgniter\Database\MySQLi\Connection->execute('INSERT INTO `ca...')
#2 C:\wamp64\www\instintointimo\system\Database\BaseConnection.php(598): CodeIgniter\Database\BaseConnection->simpleQuery('INSERT INTO `ca...')
#3 C:\wamp64\www\instintointimo\system\Database\BaseBuilder.php(1771): CodeIgniter\Database\BaseConnection->query('INSERT INTO `ca...', Array, false)
#4 C:\wamp64\www\instintointimo\system\Model.php(239): CodeIgniter\Database\BaseBuilder->insert()
#5 C:\wamp64\www\instintointimo\system\BaseModel.php(728): CodeIgniter\Model->doInsert(Array)
#6 C:\wamp64\www\instintointimo\system\Model.php(625): CodeIgniter\BaseModel->insert(Array, false)
#7 C:\wamp64\www\instintointimo\system\BaseModel.php(651): CodeIgniter\Model->insert(Array, false)
#8 C:\wamp64\www\instintointimo\app\Models\Front\CarrinhoItensModel.php(23): CodeIgniter\BaseModel->save(Array)
#9 C:\wamp64\www\instintointimo\app\Controllers\Front\Carrinho.php(127): App\Models\Front\CarrinhoItensModel->saves(Array)
#10 C:\wamp64\www\instintointimo\system\CodeIgniter.php(826): App\Controllers\Front\Carrinho->addProduto()
#11 C:\wamp64\www\instintointimo\system\CodeIgniter.php(412): CodeIgniter\CodeIgniter->runController(Object(App\Controllers\Front\Carrinho))
#12 C:\wamp64\www\instintointimo\system\CodeIgniter.php(320): CodeIgniter\CodeIgniter->handleRequest(NULL, Object(Config\Cache), false)
#13 C:\wamp64\www\instintointimo\index.php(38): CodeIgniter\CodeIgniter->run()
#14 {main}
ERROR - 2022-03-12 16:03:48 --> Cannot add or update a child row: a foreign key constraint fails (`instintointimo`.`carrinho_itens`, CONSTRAINT `FK_carrinho_itens_cor` FOREIGN KEY (`cor_atributo_id`) REFERENCES `produtos_valor_atributos` (`id`) ON DELETE NO ACTION ON UPDATE NO ACTION)
CRITICAL - 2022-03-12 16:03:48 --> Cannot add or update a child row: a foreign key constraint fails (`instintointimo`.`carrinho_itens`, CONSTRAINT `FK_carrinho_itens_cor` FOREIGN KEY (`cor_atributo_id`) REFERENCES `produtos_valor_atributos` (`id`) ON DELETE NO ACTION ON UPDATE NO ACTION)
#0 C:\wamp64\www\instintointimo\system\Database\MySQLi\Connection.php(292): mysqli->query('INSERT INTO `ca...', 0)
#1 C:\wamp64\www\instintointimo\system\Database\BaseConnection.php(670): CodeIgniter\Database\MySQLi\Connection->execute('INSERT INTO `ca...')
#2 C:\wamp64\www\instintointimo\system\Database\BaseConnection.php(598): CodeIgniter\Database\BaseConnection->simpleQuery('INSERT INTO `ca...')
#3 C:\wamp64\www\instintointimo\system\Database\BaseBuilder.php(1771): CodeIgniter\Database\BaseConnection->query('INSERT INTO `ca...', Array, false)
#4 C:\wamp64\www\instintointimo\system\Model.php(239): CodeIgniter\Database\BaseBuilder->insert()
#5 C:\wamp64\www\instintointimo\system\BaseModel.php(728): CodeIgniter\Model->doInsert(Array)
#6 C:\wamp64\www\instintointimo\system\Model.php(625): CodeIgniter\BaseModel->insert(Array, false)
#7 C:\wamp64\www\instintointimo\system\BaseModel.php(651): CodeIgniter\Model->insert(Array, false)
#8 C:\wamp64\www\instintointimo\app\Models\Front\CarrinhoItensModel.php(23): CodeIgniter\BaseModel->save(Array)
#9 C:\wamp64\www\instintointimo\app\Controllers\Front\Carrinho.php(127): App\Models\Front\CarrinhoItensModel->saves(Array)
#10 C:\wamp64\www\instintointimo\system\CodeIgniter.php(826): App\Controllers\Front\Carrinho->addProduto()
#11 C:\wamp64\www\instintointimo\system\CodeIgniter.php(412): CodeIgniter\CodeIgniter->runController(Object(App\Controllers\Front\Carrinho))
#12 C:\wamp64\www\instintointimo\system\CodeIgniter.php(320): CodeIgniter\CodeIgniter->handleRequest(NULL, Object(Config\Cache), false)
#13 C:\wamp64\www\instintointimo\index.php(38): CodeIgniter\CodeIgniter->run()
#14 {main}
ERROR - 2022-03-12 16:07:38 --> Cannot add or update a child row: a foreign key constraint fails (`instintointimo`.`carrinho_itens`, CONSTRAINT `FK_carrinho_itens_cor` FOREIGN KEY (`cor_atributo_id`) REFERENCES `produtos_valor_atributos` (`id`) ON DELETE NO ACTION ON UPDATE NO ACTION)
CRITICAL - 2022-03-12 16:07:38 --> Cannot add or update a child row: a foreign key constraint fails (`instintointimo`.`carrinho_itens`, CONSTRAINT `FK_carrinho_itens_cor` FOREIGN KEY (`cor_atributo_id`) REFERENCES `produtos_valor_atributos` (`id`) ON DELETE NO ACTION ON UPDATE NO ACTION)
#0 C:\wamp64\www\instintointimo\system\Database\MySQLi\Connection.php(292): mysqli->query('INSERT INTO `ca...', 0)
#1 C:\wamp64\www\instintointimo\system\Database\BaseConnection.php(670): CodeIgniter\Database\MySQLi\Connection->execute('INSERT INTO `ca...')
#2 C:\wamp64\www\instintointimo\system\Database\BaseConnection.php(598): CodeIgniter\Database\BaseConnection->simpleQuery('INSERT INTO `ca...')
#3 C:\wamp64\www\instintointimo\system\Database\BaseBuilder.php(1771): CodeIgniter\Database\BaseConnection->query('INSERT INTO `ca...', Array, false)
#4 C:\wamp64\www\instintointimo\system\Model.php(239): CodeIgniter\Database\BaseBuilder->insert()
#5 C:\wamp64\www\instintointimo\system\BaseModel.php(728): CodeIgniter\Model->doInsert(Array)
#6 C:\wamp64\www\instintointimo\system\Model.php(625): CodeIgniter\BaseModel->insert(Array, false)
#7 C:\wamp64\www\instintointimo\system\BaseModel.php(651): CodeIgniter\Model->insert(Array, false)
#8 C:\wamp64\www\instintointimo\app\Models\Front\CarrinhoItensModel.php(23): CodeIgniter\BaseModel->save(Array)
#9 C:\wamp64\www\instintointimo\app\Controllers\Front\Carrinho.php(127): App\Models\Front\CarrinhoItensModel->saves(Array)
#10 C:\wamp64\www\instintointimo\system\CodeIgniter.php(826): App\Controllers\Front\Carrinho->addProduto()
#11 C:\wamp64\www\instintointimo\system\CodeIgniter.php(412): CodeIgniter\CodeIgniter->runController(Object(App\Controllers\Front\Carrinho))
#12 C:\wamp64\www\instintointimo\system\CodeIgniter.php(320): CodeIgniter\CodeIgniter->handleRequest(NULL, Object(Config\Cache), false)
#13 C:\wamp64\www\instintointimo\index.php(38): CodeIgniter\CodeIgniter->run()
#14 {main}
ERROR - 2022-03-12 17:06:47 --> Cannot add or update a child row: a foreign key constraint fails (`instintointimo`.`carrinho_itens`, CONSTRAINT `FK_carrinho_itens_tamanho` FOREIGN KEY (`tamanho_atributo_id`) REFERENCES `produtos_valor_atributos` (`id`) ON DELETE NO ACTION ON UPDATE NO ACTI)
CRITICAL - 2022-03-12 17:06:47 --> Cannot add or update a child row: a foreign key constraint fails (`instintointimo`.`carrinho_itens`, CONSTRAINT `FK_carrinho_itens_tamanho` FOREIGN KEY (`tamanho_atributo_id`) REFERENCES `produtos_valor_atributos` (`id`) ON DELETE NO ACTION ON UPDATE NO ACTI)
#0 C:\wamp64\www\instintointimo\system\Database\MySQLi\Connection.php(292): mysqli->query('INSERT INTO `ca...', 0)
#1 C:\wamp64\www\instintointimo\system\Database\BaseConnection.php(670): CodeIgniter\Database\MySQLi\Connection->execute('INSERT INTO `ca...')
#2 C:\wamp64\www\instintointimo\system\Database\BaseConnection.php(598): CodeIgniter\Database\BaseConnection->simpleQuery('INSERT INTO `ca...')
#3 C:\wamp64\www\instintointimo\system\Database\BaseBuilder.php(1771): CodeIgniter\Database\BaseConnection->query('INSERT INTO `ca...', Array, false)
#4 C:\wamp64\www\instintointimo\system\Model.php(239): CodeIgniter\Database\BaseBuilder->insert()
#5 C:\wamp64\www\instintointimo\system\BaseModel.php(728): CodeIgniter\Model->doInsert(Array)
#6 C:\wamp64\www\instintointimo\system\Model.php(625): CodeIgniter\BaseModel->insert(Array, false)
#7 C:\wamp64\www\instintointimo\system\BaseModel.php(651): CodeIgniter\Model->insert(Array, false)
#8 C:\wamp64\www\instintointimo\app\Controllers\Front\Carrinho.php(138): CodeIgniter\BaseModel->save(Array)
#9 C:\wamp64\www\instintointimo\system\CodeIgniter.php(826): App\Controllers\Front\Carrinho->addProduto()
#10 C:\wamp64\www\instintointimo\system\CodeIgniter.php(412): CodeIgniter\CodeIgniter->runController(Object(App\Controllers\Front\Carrinho))
#11 C:\wamp64\www\instintointimo\system\CodeIgniter.php(320): CodeIgniter\CodeIgniter->handleRequest(NULL, Object(Config\Cache), false)
#12 C:\wamp64\www\instintointimo\index.php(38): CodeIgniter\CodeIgniter->run()
#13 {main}
ERROR - 2022-03-12 17:08:38 --> Cannot add or update a child row: a foreign key constraint fails (`instintointimo`.`carrinho_itens`, CONSTRAINT `FK_carrinho_itens_tamanho` FOREIGN KEY (`tamanho_atributo_id`) REFERENCES `produtos_valor_atributos` (`id`) ON DELETE NO ACTION ON UPDATE NO ACTI)
CRITICAL - 2022-03-12 17:08:38 --> Cannot add or update a child row: a foreign key constraint fails (`instintointimo`.`carrinho_itens`, CONSTRAINT `FK_carrinho_itens_tamanho` FOREIGN KEY (`tamanho_atributo_id`) REFERENCES `produtos_valor_atributos` (`id`) ON DELETE NO ACTION ON UPDATE NO ACTI)
#0 C:\wamp64\www\instintointimo\system\Database\MySQLi\Connection.php(292): mysqli->query('INSERT INTO `ca...', 0)
#1 C:\wamp64\www\instintointimo\system\Database\BaseConnection.php(670): CodeIgniter\Database\MySQLi\Connection->execute('INSERT INTO `ca...')
#2 C:\wamp64\www\instintointimo\system\Database\BaseConnection.php(598): CodeIgniter\Database\BaseConnection->simpleQuery('INSERT INTO `ca...')
#3 C:\wamp64\www\instintointimo\system\Database\BaseBuilder.php(1771): CodeIgniter\Database\BaseConnection->query('INSERT INTO `ca...', Array, false)
#4 C:\wamp64\www\instintointimo\system\Model.php(239): CodeIgniter\Database\BaseBuilder->insert()
#5 C:\wamp64\www\instintointimo\system\BaseModel.php(728): CodeIgniter\Model->doInsert(Array)
#6 C:\wamp64\www\instintointimo\system\Model.php(625): CodeIgniter\BaseModel->insert(Array, false)
#7 C:\wamp64\www\instintointimo\system\BaseModel.php(651): CodeIgniter\Model->insert(Array, false)
#8 C:\wamp64\www\instintointimo\app\Controllers\Front\Carrinho.php(139): CodeIgniter\BaseModel->save(Array)
#9 C:\wamp64\www\instintointimo\system\CodeIgniter.php(826): App\Controllers\Front\Carrinho->addProduto()
#10 C:\wamp64\www\instintointimo\system\CodeIgniter.php(412): CodeIgniter\CodeIgniter->runController(Object(App\Controllers\Front\Carrinho))
#11 C:\wamp64\www\instintointimo\system\CodeIgniter.php(320): CodeIgniter\CodeIgniter->handleRequest(NULL, Object(Config\Cache), false)
#12 C:\wamp64\www\instintointimo\index.php(38): CodeIgniter\CodeIgniter->run()
#13 {main}
ERROR - 2022-03-12 17:09:52 --> Cannot add or update a child row: a foreign key constraint fails (`instintointimo`.`carrinho_itens`, CONSTRAINT `FK_carrinho_itens_tamanho` FOREIGN KEY (`tamanho_atributo_id`) REFERENCES `produtos_valor_atributos` (`id`) ON DELETE NO ACTION ON UPDATE NO ACTI)
CRITICAL - 2022-03-12 17:09:52 --> Cannot add or update a child row: a foreign key constraint fails (`instintointimo`.`carrinho_itens`, CONSTRAINT `FK_carrinho_itens_tamanho` FOREIGN KEY (`tamanho_atributo_id`) REFERENCES `produtos_valor_atributos` (`id`) ON DELETE NO ACTION ON UPDATE NO ACTI)
#0 C:\wamp64\www\instintointimo\system\Database\MySQLi\Connection.php(292): mysqli->query('INSERT INTO `ca...', 0)
#1 C:\wamp64\www\instintointimo\system\Database\BaseConnection.php(670): CodeIgniter\Database\MySQLi\Connection->execute('INSERT INTO `ca...')
#2 C:\wamp64\www\instintointimo\system\Database\BaseConnection.php(598): CodeIgniter\Database\BaseConnection->simpleQuery('INSERT INTO `ca...')
#3 C:\wamp64\www\instintointimo\system\Database\BaseBuilder.php(1771): CodeIgniter\Database\BaseConnection->query('INSERT INTO `ca...', Array, false)
#4 C:\wamp64\www\instintointimo\system\Model.php(239): CodeIgniter\Database\BaseBuilder->insert()
#5 C:\wamp64\www\instintointimo\system\BaseModel.php(728): CodeIgniter\Model->doInsert(Array)
#6 C:\wamp64\www\instintointimo\system\Model.php(625): CodeIgniter\BaseModel->insert(Array, false)
#7 C:\wamp64\www\instintointimo\system\BaseModel.php(651): CodeIgniter\Model->insert(Array, false)
#8 C:\wamp64\www\instintointimo\app\Controllers\Front\Carrinho.php(139): CodeIgniter\BaseModel->save(Array)
#9 C:\wamp64\www\instintointimo\system\CodeIgniter.php(826): App\Controllers\Front\Carrinho->addProduto()
#10 C:\wamp64\www\instintointimo\system\CodeIgniter.php(412): CodeIgniter\CodeIgniter->runController(Object(App\Controllers\Front\Carrinho))
#11 C:\wamp64\www\instintointimo\system\CodeIgniter.php(320): CodeIgniter\CodeIgniter->handleRequest(NULL, Object(Config\Cache), false)
#12 C:\wamp64\www\instintointimo\index.php(38): CodeIgniter\CodeIgniter->run()
#13 {main}
ERROR - 2022-03-12 17:10:39 --> Cannot add or update a child row: a foreign key constraint fails (`instintointimo`.`carrinho_itens`, CONSTRAINT `FK_carrinho_itens_tamanho` FOREIGN KEY (`tamanho_atributo_id`) REFERENCES `produtos_valor_atributos` (`id`) ON DELETE NO ACTION ON UPDATE NO ACTI)
CRITICAL - 2022-03-12 17:10:39 --> Cannot add or update a child row: a foreign key constraint fails (`instintointimo`.`carrinho_itens`, CONSTRAINT `FK_carrinho_itens_tamanho` FOREIGN KEY (`tamanho_atributo_id`) REFERENCES `produtos_valor_atributos` (`id`) ON DELETE NO ACTION ON UPDATE NO ACTI)
#0 C:\wamp64\www\instintointimo\system\Database\MySQLi\Connection.php(292): mysqli->query('INSERT INTO `ca...', 0)
#1 C:\wamp64\www\instintointimo\system\Database\BaseConnection.php(670): CodeIgniter\Database\MySQLi\Connection->execute('INSERT INTO `ca...')
#2 C:\wamp64\www\instintointimo\system\Database\BaseConnection.php(598): CodeIgniter\Database\BaseConnection->simpleQuery('INSERT INTO `ca...')
#3 C:\wamp64\www\instintointimo\system\Database\BaseBuilder.php(1771): CodeIgniter\Database\BaseConnection->query('INSERT INTO `ca...', Array, false)
#4 C:\wamp64\www\instintointimo\system\Model.php(239): CodeIgniter\Database\BaseBuilder->insert()
#5 C:\wamp64\www\instintointimo\system\BaseModel.php(728): CodeIgniter\Model->doInsert(Array)
#6 C:\wamp64\www\instintointimo\system\Model.php(625): CodeIgniter\BaseModel->insert(Array, false)
#7 C:\wamp64\www\instintointimo\system\BaseModel.php(651): CodeIgniter\Model->insert(Array, false)
#8 C:\wamp64\www\instintointimo\app\Controllers\Front\Carrinho.php(139): CodeIgniter\BaseModel->save(Array)
#9 C:\wamp64\www\instintointimo\system\CodeIgniter.php(826): App\Controllers\Front\Carrinho->addProduto()
#10 C:\wamp64\www\instintointimo\system\CodeIgniter.php(412): CodeIgniter\CodeIgniter->runController(Object(App\Controllers\Front\Carrinho))
#11 C:\wamp64\www\instintointimo\system\CodeIgniter.php(320): CodeIgniter\CodeIgniter->handleRequest(NULL, Object(Config\Cache), false)
#12 C:\wamp64\www\instintointimo\index.php(38): CodeIgniter\CodeIgniter->run()
#13 {main}
ERROR - 2022-03-12 17:11:56 --> Cannot add or update a child row: a foreign key constraint fails (`instintointimo`.`carrinho_itens`, CONSTRAINT `FK_carrinho_itens_tamanho` FOREIGN KEY (`tamanho_atributo_id`) REFERENCES `produtos_valor_atributos` (`id`) ON DELETE NO ACTION ON UPDATE NO ACTI)
CRITICAL - 2022-03-12 17:11:56 --> Cannot add or update a child row: a foreign key constraint fails (`instintointimo`.`carrinho_itens`, CONSTRAINT `FK_carrinho_itens_tamanho` FOREIGN KEY (`tamanho_atributo_id`) REFERENCES `produtos_valor_atributos` (`id`) ON DELETE NO ACTION ON UPDATE NO ACTI)
#0 C:\wamp64\www\instintointimo\system\Database\MySQLi\Connection.php(292): mysqli->query('INSERT INTO `ca...', 0)
#1 C:\wamp64\www\instintointimo\system\Database\BaseConnection.php(670): CodeIgniter\Database\MySQLi\Connection->execute('INSERT INTO `ca...')
#2 C:\wamp64\www\instintointimo\system\Database\BaseConnection.php(598): CodeIgniter\Database\BaseConnection->simpleQuery('INSERT INTO `ca...')
#3 C:\wamp64\www\instintointimo\system\Database\BaseBuilder.php(1771): CodeIgniter\Database\BaseConnection->query('INSERT INTO `ca...', Array, false)
#4 C:\wamp64\www\instintointimo\system\Model.php(239): CodeIgniter\Database\BaseBuilder->insert()
#5 C:\wamp64\www\instintointimo\system\BaseModel.php(728): CodeIgniter\Model->doInsert(Array)
#6 C:\wamp64\www\instintointimo\system\Model.php(625): CodeIgniter\BaseModel->insert(Array, false)
#7 C:\wamp64\www\instintointimo\system\BaseModel.php(651): CodeIgniter\Model->insert(Array, false)
#8 C:\wamp64\www\instintointimo\app\Controllers\Front\Carrinho.php(139): CodeIgniter\BaseModel->save(Array)
#9 C:\wamp64\www\instintointimo\system\CodeIgniter.php(826): App\Controllers\Front\Carrinho->addProduto()
#10 C:\wamp64\www\instintointimo\system\CodeIgniter.php(412): CodeIgniter\CodeIgniter->runController(Object(App\Controllers\Front\Carrinho))
#11 C:\wamp64\www\instintointimo\system\CodeIgniter.php(320): CodeIgniter\CodeIgniter->handleRequest(NULL, Object(Config\Cache), false)
#12 C:\wamp64\www\instintointimo\index.php(38): CodeIgniter\CodeIgniter->run()
#13 {main}
ERROR - 2022-03-12 17:12:56 --> Cannot add or update a child row: a foreign key constraint fails (`instintointimo`.`carrinho_itens`, CONSTRAINT `FK_carrinho_itens_tamanho` FOREIGN KEY (`tamanho_atributo_id`) REFERENCES `produtos_valor_atributos` (`id`) ON DELETE NO ACTION ON UPDATE NO ACTI)
CRITICAL - 2022-03-12 17:12:56 --> Cannot add or update a child row: a foreign key constraint fails (`instintointimo`.`carrinho_itens`, CONSTRAINT `FK_carrinho_itens_tamanho` FOREIGN KEY (`tamanho_atributo_id`) REFERENCES `produtos_valor_atributos` (`id`) ON DELETE NO ACTION ON UPDATE NO ACTI)
#0 C:\wamp64\www\instintointimo\system\Database\MySQLi\Connection.php(292): mysqli->query('INSERT INTO `ca...', 0)
#1 C:\wamp64\www\instintointimo\system\Database\BaseConnection.php(670): CodeIgniter\Database\MySQLi\Connection->execute('INSERT INTO `ca...')
#2 C:\wamp64\www\instintointimo\system\Database\BaseConnection.php(598): CodeIgniter\Database\BaseConnection->simpleQuery('INSERT INTO `ca...')
#3 C:\wamp64\www\instintointimo\system\Database\BaseBuilder.php(1771): CodeIgniter\Database\BaseConnection->query('INSERT INTO `ca...', Array, false)
#4 C:\wamp64\www\instintointimo\system\Model.php(239): CodeIgniter\Database\BaseBuilder->insert()
#5 C:\wamp64\www\instintointimo\system\BaseModel.php(728): CodeIgniter\Model->doInsert(Array)
#6 C:\wamp64\www\instintointimo\system\Model.php(625): CodeIgniter\BaseModel->insert(Array, false)
#7 C:\wamp64\www\instintointimo\system\BaseModel.php(651): CodeIgniter\Model->insert(Array, false)
#8 C:\wamp64\www\instintointimo\app\Controllers\Front\Carrinho.php(139): CodeIgniter\BaseModel->save(Array)
#9 C:\wamp64\www\instintointimo\system\CodeIgniter.php(826): App\Controllers\Front\Carrinho->addProduto()
#10 C:\wamp64\www\instintointimo\system\CodeIgniter.php(412): CodeIgniter\CodeIgniter->runController(Object(App\Controllers\Front\Carrinho))
#11 C:\wamp64\www\instintointimo\system\CodeIgniter.php(320): CodeIgniter\CodeIgniter->handleRequest(NULL, Object(Config\Cache), false)
#12 C:\wamp64\www\instintointimo\index.php(38): CodeIgniter\CodeIgniter->run()
#13 {main}
CRITICAL - 2022-03-12 17:40:27 --> Trying to access array offset on value of type null
#0 C:\wamp64\www\instintointimo\app\Controllers\Front\Produto.php(67): CodeIgniter\Debug\Exceptions->errorHandler(8, 'Trying to acces...', 'C:\\wamp64\\www\\i...', 67, Array)
#1 C:\wamp64\www\instintointimo\system\CodeIgniter.php(826): App\Controllers\Front\Produto->index('short', 'icon', 'favicon.png')
#2 C:\wamp64\www\instintointimo\system\CodeIgniter.php(412): CodeIgniter\CodeIgniter->runController(Object(App\Controllers\Front\Produto))
#3 C:\wamp64\www\instintointimo\system\CodeIgniter.php(320): CodeIgniter\CodeIgniter->handleRequest(NULL, Object(Config\Cache), false)
#4 C:\wamp64\www\instintointimo\index.php(38): CodeIgniter\CodeIgniter->run()
#5 {main}
CRITICAL - 2022-03-12 17:44:24 --> Undefined variable: menus
#0 C:\wamp64\www\instintointimo\app\Views\Front\_menu_vibrance.php(50): CodeIgniter\Debug\Exceptions->errorHandler(8, 'Undefined varia...', 'C:\\wamp64\\www\\i...', 50, Array)
#1 C:\wamp64\www\instintointimo\system\View\View.php(210): include('C:\\wamp64\\www\\i...')
#2 C:\wamp64\www\instintointimo\system\View\View.php(213): CodeIgniter\View\View->CodeIgniter\View\{closure}()
#3 C:\wamp64\www\instintointimo\system\View\View.php(424): CodeIgniter\View\View->render('Front/_menu_vib...', NULL, true)
#4 C:\wamp64\www\instintointimo\app\Views\front.php(8): CodeIgniter\View\View->include('Front/_menu_vib...')
#5 C:\wamp64\www\instintointimo\system\View\View.php(210): include('C:\\wamp64\\www\\i...')
#6 C:\wamp64\www\instintointimo\system\View\View.php(213): CodeIgniter\View\View->CodeIgniter\View\{closure}()
#7 C:\wamp64\www\instintointimo\system\View\View.php(226): CodeIgniter\View\View->render('front', Array, true)
#8 C:\wamp64\www\instintointimo\system\Common.php(1089): CodeIgniter\View\View->render('Front/Pagamento...', Array, true)
#9 C:\wamp64\www\instintointimo\app\Controllers\Front\Pagamento.php(24): view('Front/Pagamento...', Array)
#10 C:\wamp64\www\instintointimo\system\CodeIgniter.php(826): App\Controllers\Front\Pagamento->index()
#11 C:\wamp64\www\instintointimo\system\CodeIgniter.php(412): CodeIgniter\CodeIgniter->runController(Object(App\Controllers\Front\Pagamento))
#12 C:\wamp64\www\instintointimo\system\CodeIgniter.php(320): CodeIgniter\CodeIgniter->handleRequest(NULL, Object(Config\Cache), false)
#13 C:\wamp64\www\instintointimo\index.php(38): CodeIgniter\CodeIgniter->run()
#14 {main}
CRITICAL - 2022-03-12 17:44:58 --> Undefined variable: menus
#0 C:\wamp64\www\instintointimo\app\Views\Front\_menu_vibrance.php(50): CodeIgniter\Debug\Exceptions->errorHandler(8, 'Undefined varia...', 'C:\\wamp64\\www\\i...', 50, Array)
#1 C:\wamp64\www\instintointimo\system\View\View.php(210): include('C:\\wamp64\\www\\i...')
#2 C:\wamp64\www\instintointimo\system\View\View.php(213): CodeIgniter\View\View->CodeIgniter\View\{closure}()
#3 C:\wamp64\www\instintointimo\system\View\View.php(424): CodeIgniter\View\View->render('Front/_menu_vib...', NULL, true)
#4 C:\wamp64\www\instintointimo\app\Views\front.php(8): CodeIgniter\View\View->include('Front/_menu_vib...')
#5 C:\wamp64\www\instintointimo\system\View\View.php(210): include('C:\\wamp64\\www\\i...')
#6 C:\wamp64\www\instintointimo\system\View\View.php(213): CodeIgniter\View\View->CodeIgniter\View\{closure}()
#7 C:\wamp64\www\instintointimo\system\View\View.php(226): CodeIgniter\View\View->render('front', Array, true)
#8 C:\wamp64\www\instintointimo\system\Common.php(1089): CodeIgniter\View\View->render('Front/Pagamento...', Array, true)
#9 C:\wamp64\www\instintointimo\app\Controllers\Front\Pagamento.php(26): view('Front/Pagamento...', Array)
#10 C:\wamp64\www\instintointimo\system\CodeIgniter.php(826): App\Controllers\Front\Pagamento->index()
#11 C:\wamp64\www\instintointimo\system\CodeIgniter.php(412): CodeIgniter\CodeIgniter->runController(Object(App\Controllers\Front\Pagamento))
#12 C:\wamp64\www\instintointimo\system\CodeIgniter.php(320): CodeIgniter\CodeIgniter->handleRequest(NULL, Object(Config\Cache), false)
#13 C:\wamp64\www\instintointimo\index.php(38): CodeIgniter\CodeIgniter->run()
#14 {main}
CRITICAL - 2022-03-12 17:46:21 --> Undefined variable: subtotal
#0 C:\wamp64\www\instintointimo\app\Controllers\Front\Carrinho.php(61): CodeIgniter\Debug\Exceptions->errorHandler(8, 'Undefined varia...', 'C:\\wamp64\\www\\i...', 61, Array)
#1 C:\wamp64\www\instintointimo\system\CodeIgniter.php(826): App\Controllers\Front\Carrinho->index()
#2 C:\wamp64\www\instintointimo\system\CodeIgniter.php(412): CodeIgniter\CodeIgniter->runController(Object(App\Controllers\Front\Carrinho))
#3 C:\wamp64\www\instintointimo\system\CodeIgniter.php(320): CodeIgniter\CodeIgniter->handleRequest(NULL, Object(Config\Cache), false)
#4 C:\wamp64\www\instintointimo\index.php(38): CodeIgniter\CodeIgniter->run()
#5 {main}
CRITICAL - 2022-03-12 17:46:25 --> Undefined variable: subtotal
#0 C:\wamp64\www\instintointimo\app\Controllers\Front\Carrinho.php(61): CodeIgniter\Debug\Exceptions->errorHandler(8, 'Undefined varia...', 'C:\\wamp64\\www\\i...', 61, Array)
#1 C:\wamp64\www\instintointimo\system\CodeIgniter.php(826): App\Controllers\Front\Carrinho->index()
#2 C:\wamp64\www\instintointimo\system\CodeIgniter.php(412): CodeIgniter\CodeIgniter->runController(Object(App\Controllers\Front\Carrinho))
#3 C:\wamp64\www\instintointimo\system\CodeIgniter.php(320): CodeIgniter\CodeIgniter->handleRequest(NULL, Object(Config\Cache), false)
#4 C:\wamp64\www\instintointimo\index.php(38): CodeIgniter\CodeIgniter->run()
#5 {main}
